INFO 2020-07-08 20:41:31,044 basehttp 124 "GET /home/banner/ HTTP/1.1" 200 2
WARNING 2020-07-08 20:42:02,923 base 93 Not Found: /
WARNING 2020-07-08 20:42:02,926 basehttp 124 "GET / HTTP/1.1" 404 2161
WARNING 2020-07-08 20:42:03,078 base 93 Not Found: /favicon.ico
WARNING 2020-07-08 20:42:03,079 basehttp 124 "GET /favicon.ico HTTP/1.1" 404 2212
INFO 2020-07-08 20:42:20,188 basehttp 124 "GET /xadmin/ HTTP/1.1" 200 4366
INFO 2020-07-08 20:42:20,215 basehttp 124 "GET /static/xadmin/vendor/bootstrap/css/bootstrap.css HTTP/1.1" 200 126432
INFO 2020-07-08 20:42:20,224 basehttp 124 "GET /static/xadmin/css/themes/bootstrap-xadmin.css HTTP/1.1" 200 1888
INFO 2020-07-08 20:42:20,238 basehttp 124 "GET /static/xadmin/css/xadmin.responsive.css HTTP/1.1" 200 4361
INFO 2020-07-08 20:42:20,238 basehttp 124 "GET /static/xadmin/css/xadmin.plugins.css HTTP/1.1" 200 175
INFO 2020-07-08 20:42:20,238 basehttp 124 "GET /static/xadmin/vendor/font-awesome/css/font-awesome.css HTTP/1.1" 200 21658
INFO 2020-07-08 20:42:20,239 basehttp 124 "GET /static/xadmin/css/xadmin.main.css HTTP/1.1" 200 8376
INFO 2020-07-08 20:42:20,254 basehttp 124 "GET /static/xadmin/vendor/jquery/jquery.js HTTP/1.1" 200 240196
INFO 2020-07-08 20:42:20,268 basehttp 124 "GET /xadmin/jsi18n/ HTTP/1.1" 200 4373
INFO 2020-07-08 20:42:20,273 basehttp 124 "GET /static/xadmin/vendor/jquery-ui/jquery.ui.core.js HTTP/1.1" 200 8195
INFO 2020-07-08 20:42:20,282 basehttp 124 "GET /static/xadmin/vendor/jquery-ui/jquery.ui.widget.js HTTP/1.1" 200 15069
INFO 2020-07-08 20:42:20,283 basehttp 124 "GET /static/xadmin/vendor/jquery-ui/jquery.ui.mouse.js HTTP/1.1" 200 4561
INFO 2020-07-08 20:42:20,287 basehttp 124 "GET /static/xadmin/vendor/jquery-ui/jquery.ui.sortable.js HTTP/1.1" 200 42543
INFO 2020-07-08 20:42:20,305 basehttp 124 "GET /static/xadmin/vendor/bootstrap/js/bootstrap.js HTTP/1.1" 200 58327
INFO 2020-07-08 20:42:20,325 basehttp 124 "GET /static/xadmin/js/xadmin.responsive.js HTTP/1.1" 200 4165
INFO 2020-07-08 20:42:20,326 basehttp 124 "GET /static/xadmin/vendor/jquery-ui/jquery.ui.effect.js HTTP/1.1" 200 31918
INFO 2020-07-08 20:42:20,327 basehttp 124 "GET /static/xadmin/js/xadmin.main.js HTTP/1.1" 200 3401
INFO 2020-07-08 20:42:20,328 basehttp 124 "GET /static/xadmin/js/xadmin.plugin.themes.js HTTP/1.1" 200 3489
INFO 2020-07-08 20:42:20,517 basehttp 124 "GET /static/xadmin/vendor/font-awesome/fonts/fontawesome-webfont.woff?v=4.0.3 HTTP/1.1" 200 44432
INFO 2020-07-08 20:42:39,066 basehttp 124 "POST /xadmin/ HTTP/1.1" 200 4603
INFO 2020-07-08 20:42:39,120 basehttp 124 "GET /xadmin/jsi18n/ HTTP/1.1" 200 4373
INFO 2020-07-08 20:42:58,277 basehttp 124 "POST /xadmin/ HTTP/1.1" 200 4603
INFO 2020-07-08 20:42:58,315 basehttp 124 "GET /xadmin/jsi18n/ HTTP/1.1" 200 4373
INFO 2020-07-08 20:44:19,418 basehttp 124 "POST /xadmin/ HTTP/1.1" 200 4474
INFO 2020-07-08 20:44:19,464 basehttp 124 "GET /xadmin/jsi18n/ HTTP/1.1" 200 4373
INFO 2020-07-08 20:44:33,552 basehttp 124 "POST /xadmin/ HTTP/1.1" 200 4603
INFO 2020-07-08 20:44:33,595 basehttp 124 "GET /xadmin/jsi18n/ HTTP/1.1" 200 4373
INFO 2020-07-08 20:44:34,925 basehttp 124 "GET /xadmin/xadmin/password_reset/ HTTP/1.1" 200 3455
INFO 2020-07-08 20:44:34,968 basehttp 124 "GET /xadmin/jsi18n/ HTTP/1.1" 200 4373
ERROR 2020-07-08 20:45:15,151 exception 74 Invalid HTTP_HOST header: '127.0.0.1:9001'. You may need to add '127.0.0.1' to ALLOWED_HOSTS.
WARNING 2020-07-08 20:45:15,442 basehttp 124 "GET / HTTP/1.1" 400 67493
ERROR 2020-07-08 20:45:15,734 exception 74 Invalid HTTP_HOST header: '127.0.0.1:9001'. You may need to add '127.0.0.1' to ALLOWED_HOSTS.
WARNING 2020-07-08 20:45:15,772 basehttp 124 "GET /favicon.ico HTTP/1.1" 400 67406
ERROR 2020-07-08 20:46:01,280 exception 74 Invalid HTTP_HOST header: '127.0.0.1:9001'. You may need to add '127.0.0.1' to ALLOWED_HOSTS.
WARNING 2020-07-08 20:46:01,594 basehttp 124 "GET / HTTP/1.1" 400 67589
ERROR 2020-07-08 20:46:01,904 exception 74 Invalid HTTP_HOST header: '127.0.0.1:9001'. You may need to add '127.0.0.1' to ALLOWED_HOSTS.
WARNING 2020-07-08 20:46:01,943 basehttp 124 "GET /favicon.ico HTTP/1.1" 400 67502
WARNING 2020-07-08 20:47:21,341 base 93 Not Found: /
WARNING 2020-07-08 20:47:21,344 basehttp 124 "GET / HTTP/1.1" 404 2161
WARNING 2020-07-08 20:47:30,485 base 93 Not Found: /home
WARNING 2020-07-08 20:47:30,485 basehttp 124 "GET /home HTTP/1.1" 404 2191
WARNING 2020-07-08 20:47:35,876 base 93 Not Found: /home/
WARNING 2020-07-08 20:47:35,877 basehttp 124 "GET /home/ HTTP/1.1" 404 2248
INFO 2020-07-08 20:47:51,731 basehttp 124 "GET /home/banner/ HTTP/1.1" 200 5222
INFO 2020-07-08 20:47:51,759 basehttp 124 "GET /static/rest_framework/css/bootstrap.min.css HTTP/1.1" 200 121457
INFO 2020-07-08 20:47:51,772 basehttp 124 "GET /static/rest_framework/css/bootstrap-tweaks.css HTTP/1.1" 200 3385
INFO 2020-07-08 20:47:51,776 basehttp 124 "GET /static/rest_framework/css/prettify.css HTTP/1.1" 200 817
INFO 2020-07-08 20:47:51,777 basehttp 124 "GET /static/rest_framework/css/default.css HTTP/1.1" 200 1131
INFO 2020-07-08 20:47:51,778 basehttp 124 "GET /static/rest_framework/js/jquery-3.4.1.min.js HTTP/1.1" 200 88145
INFO 2020-07-08 20:47:51,785 basehttp 124 "GET /static/rest_framework/js/ajax-form.js HTTP/1.1" 200 3597
INFO 2020-07-08 20:47:51,791 basehttp 124 "GET /static/rest_framework/js/csrf.js HTTP/1.1" 200 1719
INFO 2020-07-08 20:47:51,795 basehttp 124 "GET /static/rest_framework/js/bootstrap.min.js HTTP/1.1" 200 37608
INFO 2020-07-08 20:47:51,829 basehttp 124 "GET /static/rest_framework/js/prettify-min.js HTTP/1.1" 200 13632
INFO 2020-07-08 20:47:51,833 basehttp 124 "GET /static/rest_framework/js/default.js HTTP/1.1" 200 1268
INFO 2020-07-08 20:47:51,881 basehttp 124 "GET /static/rest_framework/img/grid.png HTTP/1.1" 200 1458
INFO 2020-07-08 20:48:16,015 basehttp 124 "GET /xadmin/ HTTP/1.1" 200 4366
INFO 2020-07-08 20:48:16,110 basehttp 124 "GET /xadmin/jsi18n/ HTTP/1.1" 200 4373
INFO 2020-07-08 20:48:35,335 basehttp 124 "POST /xadmin/ HTTP/1.1" 200 4603
INFO 2020-07-08 20:48:35,375 basehttp 124 "GET /xadmin/jsi18n/ HTTP/1.1" 200 4373
INFO 2020-07-08 20:51:49,313 basehttp 124 "POST /xadmin/ HTTP/1.1" 302 0
INFO 2020-07-08 20:51:55,103 basehttp 124 "GET /xadmin/ HTTP/1.1" 200 14798
INFO 2020-07-08 20:51:55,159 basehttp 124 "GET /static/xadmin/css/xadmin.page.dashboard.css HTTP/1.1" 200 790
INFO 2020-07-08 20:51:55,159 basehttp 124 "GET /static/xadmin/js/xadmin.plugin.portal.js HTTP/1.1" 200 1000
INFO 2020-07-08 20:51:55,159 basehttp 124 "GET /static/xadmin/js/xadmin.page.dashboard.js HTTP/1.1" 200 3208
INFO 2020-07-08 20:51:59,192 basehttp 124 "GET /xadmin/jsi18n/ HTTP/1.1" 200 7684
INFO 2020-07-08 20:52:16,583 basehttp 124 "GET /xadmin/xadmin/log/ HTTP/1.1" 200 30610
INFO 2020-07-08 20:52:16,633 basehttp 124 "GET /static/xadmin/css/xadmin.form.css HTTP/1.1" 200 3763
INFO 2020-07-08 20:52:16,639 basehttp 124 "GET /static/xadmin/vendor/bootstrap-datepicker/css/datepicker.css HTTP/1.1" 200 10225
INFO 2020-07-08 20:52:16,648 basehttp 124 "GET /static/xadmin/vendor/selectize/selectize.css HTTP/1.1" 200 8425
INFO 2020-07-08 20:52:16,648 basehttp 124 "GET /static/xadmin/vendor/select2/select2.css HTTP/1.1" 200 19226
INFO 2020-07-08 20:52:16,649 basehttp 124 "GET /static/xadmin/vendor/selectize/selectize.bootstrap3.css HTTP/1.1" 200 10602
INFO 2020-07-08 20:52:16,655 basehttp 124 "GET /static/xadmin/js/xadmin.plugin.details.js HTTP/1.1" 200 2319
INFO 2020-07-08 20:52:16,692 basehttp 124 "GET /static/xadmin/js/xadmin.plugin.bookmark.js HTTP/1.1" 200 529
INFO 2020-07-08 20:52:16,693 basehttp 124 "GET /static/xadmin/js/xadmin.widget.datetime.js HTTP/1.1" 200 2979
INFO 2020-07-08 20:52:16,693 basehttp 124 "GET /static/xadmin/vendor/bootstrap-datepicker/js/bootstrap-datepicker.js HTTP/1.1" 200 32656
INFO 2020-07-08 20:52:16,694 basehttp 124 "GET /static/xadmin/vendor/select2/select2.js HTTP/1.1" 200 104906
INFO 2020-07-08 20:52:16,695 basehttp 124 "GET /static/xadmin/vendor/selectize/selectize.js HTTP/1.1" 200 98602
INFO 2020-07-08 20:52:16,703 basehttp 124 "GET /static/xadmin/vendor/select2/select2_locale_zh-hans.js HTTP/1.1" 200 694
INFO 2020-07-08 20:52:16,748 basehttp 124 "GET /static/xadmin/js/xadmin.widget.select.js HTTP/1.1" 200 1344
INFO 2020-07-08 20:52:16,757 basehttp 124 "GET /static/xadmin/js/xadmin.plugin.filters.js HTTP/1.1" 200 1990
INFO 2020-07-08 20:52:16,760 basehttp 124 "GET /static/xadmin/js/xadmin.page.list.js HTTP/1.1" 200 1105
INFO 2020-07-08 20:52:16,765 basehttp 124 "GET /static/xadmin/js/xadmin.page.form.js HTTP/1.1" 200 1948
INFO 2020-07-08 20:52:20,783 basehttp 124 "GET /xadmin/jsi18n/ HTTP/1.1" 200 7684
INFO 2020-07-08 20:52:30,465 basehttp 124 "GET /xadmin/auth/group/ HTTP/1.1" 200 24006
ERROR 2020-07-08 20:52:30,468 basehttp 124 "GET /xadmin/auth/group/ HTTP/1.1" 500 59
INFO 2020-07-08 20:52:33,851 basehttp 124 "GET /xadmin/auth/user/ HTTP/1.1" 200 34342
INFO 2020-07-08 20:52:33,901 basehttp 124 "GET /static/xadmin/js/xadmin.plugin.actions.js HTTP/1.1" 200 4198
INFO 2020-07-08 20:52:37,946 basehttp 124 "GET /xadmin/jsi18n/ HTTP/1.1" 200 7684
INFO 2020-07-08 20:52:50,131 basehttp 124 "GET /xadmin/home/banner/ HTTP/1.1" 200 24337
INFO 2020-07-08 20:52:54,222 basehttp 124 "GET /xadmin/jsi18n/ HTTP/1.1" 200 7684
INFO 2020-07-08 20:53:01,871 basehttp 124 "GET /xadmin/home/banner/add/ HTTP/1.1" 200 19873
INFO 2020-07-08 20:53:01,916 basehttp 124 "GET /static/xadmin/vendor/bootstrap-image-gallery/css/bootstrap-image-gallery.css HTTP/1.1" 200 3339
INFO 2020-07-08 20:53:01,931 basehttp 124 "GET /static/xadmin/vendor/load-image/load-image.js HTTP/1.1" 200 8309
INFO 2020-07-08 20:53:01,936 basehttp 124 "GET /static/xadmin/vendor/bootstrap-image-gallery/js/bootstrap-image-gallery.js HTTP/1.1" 200 15611
INFO 2020-07-08 20:53:05,970 basehttp 124 "GET /xadmin/jsi18n/ HTTP/1.1" 200 7684
INFO 2020-07-08 20:53:05,995 basehttp 124 "GET /static/xadmin/vendor/font-awesome/fonts/fontawesome-webfont.woff?v=4.0.3 HTTP/1.1" 304 0
INFO 2020-07-08 20:54:35,376 basehttp 124 "POST /xadmin/home/banner/add/ HTTP/1.1" 302 0
INFO 2020-07-08 20:54:39,481 basehttp 124 "GET /xadmin/home/banner/ HTTP/1.1" 200 28350
INFO 2020-07-08 20:54:39,559 basehttp 124 "GET /static/xadmin/vendor/bootstrap/css/bootstrap.css HTTP/1.1" 304 0
INFO 2020-07-08 20:54:39,564 basehttp 124 "GET /static/xadmin/css/themes/bootstrap-xadmin.css HTTP/1.1" 304 0
INFO 2020-07-08 20:54:39,582 basehttp 124 "GET /static/xadmin/vendor/font-awesome/css/font-awesome.css HTTP/1.1" 304 0
INFO 2020-07-08 20:54:39,583 basehttp 124 "GET /static/xadmin/css/xadmin.plugins.css HTTP/1.1" 304 0
INFO 2020-07-08 20:54:39,584 basehttp 124 "GET /static/xadmin/css/xadmin.main.css HTTP/1.1" 304 0
INFO 2020-07-08 20:54:39,588 basehttp 124 "GET /static/xadmin/css/xadmin.responsive.css HTTP/1.1" 304 0
INFO 2020-07-08 20:54:39,589 basehttp 124 "GET /static/xadmin/vendor/jquery/jquery.js HTTP/1.1" 304 0
INFO 2020-07-08 20:54:39,628 basehttp 124 "GET /static/xadmin/vendor/jquery-ui/jquery.ui.mouse.js HTTP/1.1" 304 0
INFO 2020-07-08 20:54:39,628 basehttp 124 "GET /static/xadmin/vendor/jquery-ui/jquery.ui.widget.js HTTP/1.1" 304 0
INFO 2020-07-08 20:54:39,628 basehttp 124 "GET /static/xadmin/vendor/bootstrap/js/bootstrap.js HTTP/1.1" 304 0
INFO 2020-07-08 20:54:39,629 basehttp 124 "GET /static/xadmin/vendor/jquery-ui/jquery.ui.core.js HTTP/1.1" 304 0
INFO 2020-07-08 20:54:39,629 basehttp 124 "GET /static/xadmin/vendor/jquery-ui/jquery.ui.sortable.js HTTP/1.1" 304 0
INFO 2020-07-08 20:54:39,659 basehttp 124 "GET /static/xadmin/js/xadmin.main.js HTTP/1.1" 304 0
INFO 2020-07-08 20:54:39,661 basehttp 124 "GET /static/xadmin/vendor/jquery-ui/jquery.ui.effect.js HTTP/1.1" 304 0
INFO 2020-07-08 20:54:39,662 basehttp 124 "GET /static/xadmin/js/xadmin.responsive.js HTTP/1.1" 304 0
INFO 2020-07-08 20:54:39,664 basehttp 124 "GET /static/xadmin/js/xadmin.plugin.themes.js HTTP/1.1" 304 0
INFO 2020-07-08 20:54:43,634 basehttp 124 "GET /xadmin/jsi18n/ HTTP/1.1" 200 7684
INFO 2020-07-08 20:54:54,945 basehttp 124 "GET /xadmin/home/banner/add/ HTTP/1.1" 200 19873
INFO 2020-07-08 20:54:59,035 basehttp 124 "GET /xadmin/jsi18n/ HTTP/1.1" 200 7684
INFO 2020-07-08 20:55:14,626 basehttp 124 "POST /xadmin/home/banner/add/ HTTP/1.1" 302 0
INFO 2020-07-08 20:55:18,804 basehttp 124 "GET /xadmin/home/banner/ HTTP/1.1" 200 28930
INFO 2020-07-08 20:55:22,913 basehttp 124 "GET /xadmin/jsi18n/ HTTP/1.1" 200 7684
INFO 2020-07-08 20:55:32,184 basehttp 124 "GET /xadmin/home/banner/add/ HTTP/1.1" 200 19873
INFO 2020-07-08 20:55:36,289 basehttp 124 "GET /xadmin/jsi18n/ HTTP/1.1" 200 7684
INFO 2020-07-08 20:55:49,824 basehttp 124 "POST /xadmin/home/banner/add/ HTTP/1.1" 302 0
INFO 2020-07-08 20:55:53,955 basehttp 124 "GET /xadmin/home/banner/ HTTP/1.1" 200 29510
INFO 2020-07-08 20:55:58,068 basehttp 124 "GET /xadmin/jsi18n/ HTTP/1.1" 200 7684
INFO 2020-07-08 20:56:07,303 basehttp 124 "GET /xadmin/home/nav/ HTTP/1.1" 200 24900
INFO 2020-07-08 20:56:11,386 basehttp 124 "GET /xadmin/jsi18n/ HTTP/1.1" 200 7684
INFO 2020-07-08 20:56:21,855 basehttp 124 "GET /xadmin/home/nav/add/ HTTP/1.1" 200 19189
INFO 2020-07-08 20:56:25,954 basehttp 124 "GET /xadmin/jsi18n/ HTTP/1.1" 200 7684
INFO 2020-07-08 20:56:45,591 basehttp 124 "GET /xadmin/ HTTP/1.1" 200 14798
INFO 2020-07-08 20:56:49,505 basehttp 124 "GET /home/banner/ HTTP/1.1" 200 217
ERROR 2020-07-08 20:56:49,507 basehttp 124 "GET /home/banner/ HTTP/1.1" 500 59
INFO 2020-07-08 20:56:49,685 basehttp 124 "GET /xadmin/jsi18n/ HTTP/1.1" 200 7684
INFO 2020-07-08 20:56:52,485 basehttp 124 "GET /home/banner/ HTTP/1.1" 200 217
INFO 2020-07-08 20:56:52,692 basehttp 124 "GET /media/banner/01.png HTTP/1.1" 200 737783
INFO 2020-07-08 20:56:52,705 basehttp 124 "GET /media/banner/02.png HTTP/1.1" 200 364808
INFO 2020-07-08 20:56:52,930 basehttp 124 "GET /media/banner/03.png HTTP/1.1" 200 745382
INFO 2020-07-08 21:00:30,982 basehttp 124 "GET /home/banner/ HTTP/1.1" 200 217
INFO 2020-07-08 21:00:31,005 basehttp 124 "GET /media/banner/01.png HTTP/1.1" 304 0
INFO 2020-07-08 21:00:31,007 basehttp 124 "GET /media/banner/02.png HTTP/1.1" 304 0
INFO 2020-07-08 21:00:31,011 basehttp 124 "GET /media/banner/03.png HTTP/1.1" 304 0
INFO 2020-07-08 21:02:19,941 basehttp 124 "GET /home/banner/ HTTP/1.1" 200 217
INFO 2020-07-08 21:02:19,963 basehttp 124 "GET /media/banner/03.png HTTP/1.1" 304 0
INFO 2020-07-08 21:02:19,965 basehttp 124 "GET /media/banner/01.png HTTP/1.1" 304 0
INFO 2020-07-08 21:02:19,968 basehttp 124 "GET /media/banner/02.png HTTP/1.1" 304 0
INFO 2020-07-08 21:05:41,391 basehttp 124 "GET /home/banner/ HTTP/1.1" 200 217
INFO 2020-07-08 21:14:42,164 basehttp 124 "GET /home/footer/ HTTP/1.1" 200 2
INFO 2020-07-08 21:14:56,734 basehttp 124 "GET /xadmin/home/nav/ HTTP/1.1" 200 24900
ERROR 2020-07-08 21:14:56,735 basehttp 124 "GET /xadmin/home/nav/ HTTP/1.1" 500 59
INFO 2020-07-08 21:14:57,490 basehttp 124 "GET /xadmin/home/nav/ HTTP/1.1" 200 24900
INFO 2020-07-08 21:14:57,543 basehttp 124 "GET /static/xadmin/vendor/bootstrap/css/bootstrap.css HTTP/1.1" 304 0
INFO 2020-07-08 21:14:57,548 basehttp 124 "GET /static/xadmin/vendor/font-awesome/css/font-awesome.css HTTP/1.1" 304 0
INFO 2020-07-08 21:14:57,553 basehttp 124 "GET /static/xadmin/css/xadmin.main.css HTTP/1.1" 304 0
INFO 2020-07-08 21:14:57,555 basehttp 124 "GET /static/xadmin/css/themes/bootstrap-xadmin.css HTTP/1.1" 304 0
INFO 2020-07-08 21:14:57,565 basehttp 124 "GET /static/xadmin/css/xadmin.plugins.css HTTP/1.1" 304 0
INFO 2020-07-08 21:14:57,568 basehttp 124 "GET /static/xadmin/css/xadmin.responsive.css HTTP/1.1" 304 0
INFO 2020-07-08 21:14:57,575 basehttp 124 "GET /static/xadmin/css/xadmin.form.css HTTP/1.1" 304 0
INFO 2020-07-08 21:14:57,575 basehttp 124 "GET /static/xadmin/vendor/jquery/jquery.js HTTP/1.1" 304 0
INFO 2020-07-08 21:14:57,606 basehttp 124 "GET /static/xadmin/vendor/jquery-ui/jquery.ui.mouse.js HTTP/1.1" 304 0
INFO 2020-07-08 21:14:57,606 basehttp 124 "GET /static/xadmin/vendor/bootstrap/js/bootstrap.js HTTP/1.1" 304 0
INFO 2020-07-08 21:14:57,607 basehttp 124 "GET /static/xadmin/vendor/jquery-ui/jquery.ui.widget.js HTTP/1.1" 304 0
INFO 2020-07-08 21:14:57,608 basehttp 124 "GET /static/xadmin/vendor/jquery-ui/jquery.ui.core.js HTTP/1.1" 304 0
INFO 2020-07-08 21:14:57,609 basehttp 124 "GET /static/xadmin/vendor/jquery-ui/jquery.ui.sortable.js HTTP/1.1" 304 0
INFO 2020-07-08 21:14:57,631 basehttp 124 "GET /static/xadmin/js/xadmin.main.js HTTP/1.1" 304 0
INFO 2020-07-08 21:14:57,631 basehttp 124 "GET /static/xadmin/js/xadmin.responsive.js HTTP/1.1" 304 0
INFO 2020-07-08 21:14:57,631 basehttp 124 "GET /static/xadmin/vendor/jquery-ui/jquery.ui.effect.js HTTP/1.1" 304 0
INFO 2020-07-08 21:14:57,639 basehttp 124 "GET /static/xadmin/js/xadmin.plugin.themes.js HTTP/1.1" 304 0
INFO 2020-07-08 21:14:57,649 basehttp 124 "GET /static/xadmin/js/xadmin.plugin.details.js HTTP/1.1" 304 0
INFO 2020-07-08 21:14:57,652 basehttp 124 "GET /static/xadmin/js/xadmin.plugin.bookmark.js HTTP/1.1" 304 0
INFO 2020-07-08 21:14:57,656 basehttp 124 "GET /static/xadmin/js/xadmin.plugin.filters.js HTTP/1.1" 304 0
INFO 2020-07-08 21:14:57,665 basehttp 124 "GET /static/xadmin/js/xadmin.page.list.js HTTP/1.1" 304 0
INFO 2020-07-08 21:14:57,670 basehttp 124 "GET /static/xadmin/js/xadmin.page.form.js HTTP/1.1" 304 0
INFO 2020-07-08 21:15:01,599 basehttp 124 "GET /xadmin/jsi18n/ HTTP/1.1" 200 7684
INFO 2020-07-08 21:15:01,666 basehttp 124 "GET /static/xadmin/vendor/font-awesome/fonts/fontawesome-webfont.woff?v=4.0.3 HTTP/1.1" 304 0
INFO 2020-07-08 21:15:15,386 basehttp 124 "GET /xadmin/home/nav/add/ HTTP/1.1" 200 19189
INFO 2020-07-08 21:15:15,497 basehttp 124 "GET /static/xadmin/vendor/select2/select2.css HTTP/1.1" 304 0
INFO 2020-07-08 21:15:15,506 basehttp 124 "GET /static/xadmin/js/xadmin.plugin.portal.js HTTP/1.1" 304 0
INFO 2020-07-08 21:15:15,511 basehttp 124 "GET /static/xadmin/vendor/selectize/selectize.css HTTP/1.1" 304 0
INFO 2020-07-08 21:15:15,511 basehttp 124 "GET /static/xadmin/vendor/selectize/selectize.bootstrap3.css HTTP/1.1" 304 0
INFO 2020-07-08 21:15:15,512 basehttp 124 "GET /static/xadmin/vendor/selectize/selectize.js HTTP/1.1" 304 0
INFO 2020-07-08 21:15:15,517 basehttp 124 "GET /static/xadmin/vendor/select2/select2.js HTTP/1.1" 304 0
INFO 2020-07-08 21:15:15,548 basehttp 124 "GET /static/xadmin/js/xadmin.widget.select.js HTTP/1.1" 304 0
INFO 2020-07-08 21:15:15,548 basehttp 124 "GET /static/xadmin/vendor/select2/select2_locale_zh-hans.js HTTP/1.1" 304 0
INFO 2020-07-08 21:15:19,537 basehttp 124 "GET /xadmin/jsi18n/ HTTP/1.1" 200 7684
INFO 2020-07-08 21:15:53,567 basehttp 124 "POST /xadmin/home/nav/add/ HTTP/1.1" 302 0
INFO 2020-07-08 21:15:57,686 basehttp 124 "GET /xadmin/home/nav/ HTTP/1.1" 200 28919
INFO 2020-07-08 21:15:57,771 basehttp 124 "GET /static/xadmin/js/xadmin.plugin.actions.js HTTP/1.1" 304 0
INFO 2020-07-08 21:16:01,814 basehttp 124 "GET /xadmin/jsi18n/ HTTP/1.1" 200 7684
INFO 2020-07-08 21:16:32,675 basehttp 124 "GET /home/footer/ HTTP/1.1" 200 37
INFO 2020-07-08 21:16:32,682 basehttp 124 "GET /home/banner/ HTTP/1.1" 200 217
INFO 2020-07-08 21:16:32,715 basehttp 124 "GET /media/banner/01.png HTTP/1.1" 304 0
INFO 2020-07-08 21:16:32,751 basehttp 124 "GET /media/banner/02.png HTTP/1.1" 304 0
INFO 2020-07-08 21:16:32,785 basehttp 124 "GET /media/banner/03.png HTTP/1.1" 304 0
INFO 2020-07-08 21:18:37,001 basehttp 124 "GET /xadmin/home/nav/add/ HTTP/1.1" 200 19189
INFO 2020-07-08 21:18:41,115 basehttp 124 "GET /xadmin/jsi18n/ HTTP/1.1" 200 7684
INFO 2020-07-08 21:18:58,140 basehttp 124 "POST /xadmin/home/nav/add/ HTTP/1.1" 302 0
INFO 2020-07-08 21:19:02,270 basehttp 124 "GET /xadmin/home/nav/add/ HTTP/1.1" 200 19532
INFO 2020-07-08 21:19:06,386 basehttp 124 "GET /xadmin/jsi18n/ HTTP/1.1" 200 7684
INFO 2020-07-08 21:19:19,873 basehttp 124 "GET /home/footer/ HTTP/1.1" 200 73
INFO 2020-07-08 21:19:19,876 basehttp 124 "GET /home/banner/ HTTP/1.1" 200 217
INFO 2020-07-08 21:19:19,898 basehttp 124 "GET /media/banner/01.png HTTP/1.1" 304 0
INFO 2020-07-08 21:19:19,903 basehttp 124 "GET /media/banner/02.png HTTP/1.1" 304 0
INFO 2020-07-08 21:19:19,907 basehttp 124 "GET /media/banner/03.png HTTP/1.1" 304 0
INFO 2020-07-08 21:19:59,513 basehttp 124 "GET /xadmin/home/nav/ HTTP/1.1" 200 29211
INFO 2020-07-08 21:20:03,625 basehttp 124 "GET /xadmin/jsi18n/ HTTP/1.1" 200 7684
INFO 2020-07-08 21:20:18,831 basehttp 124 "GET /xadmin/home/nav/2/update/ HTTP/1.1" 200 19481
INFO 2020-07-08 21:20:22,941 basehttp 124 "GET /xadmin/jsi18n/ HTTP/1.1" 200 7684
INFO 2020-07-08 21:20:31,460 basehttp 124 "POST /xadmin/home/nav/2/update/ HTTP/1.1" 302 0
INFO 2020-07-08 21:20:35,567 basehttp 124 "GET /xadmin/home/nav/ HTTP/1.1" 200 29446
INFO 2020-07-08 21:20:39,677 basehttp 124 "GET /xadmin/jsi18n/ HTTP/1.1" 200 7684
INFO 2020-07-08 21:20:48,235 basehttp 124 "GET /home/banner/ HTTP/1.1" 200 217
INFO 2020-07-08 21:20:48,256 basehttp 124 "GET /home/footer/ HTTP/1.1" 200 73
INFO 2020-07-08 21:21:28,760 basehttp 124 "GET /xadmin/home/nav/add/ HTTP/1.1" 200 19189
INFO 2020-07-08 21:21:32,867 basehttp 124 "GET /xadmin/jsi18n/ HTTP/1.1" 200 7684
INFO 2020-07-08 21:22:06,257 basehttp 124 "POST /xadmin/home/nav/add/ HTTP/1.1" 302 0
INFO 2020-07-08 21:22:10,384 basehttp 124 "GET /xadmin/home/nav/add/ HTTP/1.1" 200 19532
INFO 2020-07-08 21:22:14,521 basehttp 124 "GET /xadmin/jsi18n/ HTTP/1.1" 200 7684
INFO 2020-07-08 21:22:44,064 basehttp 124 "POST /xadmin/home/nav/add/ HTTP/1.1" 302 0
INFO 2020-07-08 21:22:48,248 basehttp 124 "GET /xadmin/home/nav/add/ HTTP/1.1" 200 19532
INFO 2020-07-08 21:22:52,347 basehttp 124 "GET /xadmin/jsi18n/ HTTP/1.1" 200 7684
INFO 2020-07-08 21:23:07,891 basehttp 124 "POST /xadmin/home/nav/add/ HTTP/1.1" 302 0
INFO 2020-07-08 21:23:12,035 basehttp 124 "GET /xadmin/home/nav/add/ HTTP/1.1" 200 19532
INFO 2020-07-08 21:23:16,118 basehttp 124 "GET /xadmin/jsi18n/ HTTP/1.1" 200 7684
INFO 2020-07-08 21:23:29,858 basehttp 124 "POST /xadmin/home/nav/add/ HTTP/1.1" 302 0
INFO 2020-07-08 21:23:34,000 basehttp 124 "GET /xadmin/home/nav/add/ HTTP/1.1" 200 19532
INFO 2020-07-08 21:23:38,106 basehttp 124 "GET /xadmin/jsi18n/ HTTP/1.1" 200 7684
INFO 2020-07-08 21:23:53,364 basehttp 124 "GET /home/banner/ HTTP/1.1" 200 217
INFO 2020-07-08 21:23:53,373 basehttp 124 "GET /home/footer/ HTTP/1.1" 200 217
INFO 2020-07-08 21:23:53,390 basehttp 124 "GET /media/banner/01.png HTTP/1.1" 304 0
INFO 2020-07-08 21:23:53,391 basehttp 124 "GET /media/banner/02.png HTTP/1.1" 304 0
INFO 2020-07-08 21:23:53,393 basehttp 124 "GET /media/banner/03.png HTTP/1.1" 304 0
INFO 2020-07-08 21:25:52,245 basehttp 124 "GET /home/footer/ HTTP/1.1" 200 217
ERROR 2020-07-08 21:25:52,247 basehttp 124 "GET /home/footer/ HTTP/1.1" 500 59
INFO 2020-07-08 21:25:56,603 basehttp 124 "GET /home/footer/ HTTP/1.1" 200 217
INFO 2020-07-08 21:25:56,603 basehttp 124 "GET /home/banner/ HTTP/1.1" 200 217
INFO 2020-07-08 21:26:34,344 basehttp 124 "GET /home/footer/ HTTP/1.1" 200 217
INFO 2020-07-08 21:26:34,348 basehttp 124 "GET /home/banner/ HTTP/1.1" 200 217
INFO 2020-07-08 21:26:41,660 basehttp 124 "GET /home/footer/ HTTP/1.1" 200 217
INFO 2020-07-08 21:26:41,669 basehttp 124 "GET /home/banner/ HTTP/1.1" 200 217
INFO 2020-07-08 21:26:41,698 basehttp 124 "GET /media/banner/03.png HTTP/1.1" 304 0
INFO 2020-07-08 21:27:23,012 basehttp 124 "GET /home/banner/ HTTP/1.1" 200 217
INFO 2020-07-08 21:27:23,030 basehttp 124 "GET /home/footer/ HTTP/1.1" 200 217
INFO 2020-07-08 21:27:23,037 basehttp 124 "GET /media/banner/01.png HTTP/1.1" 304 0
INFO 2020-07-08 21:27:23,040 basehttp 124 "GET /media/banner/02.png HTTP/1.1" 304 0
INFO 2020-07-08 21:32:54,404 basehttp 124 "GET /home/footer/ HTTP/1.1" 200 217
INFO 2020-07-08 21:34:23,266 basehttp 124 "GET /home/footer/ HTTP/1.1" 200 217
INFO 2020-07-08 21:37:51,541 basehttp 124 "GET /home/header/ HTTP/1.1" 200 2
INFO 2020-07-08 21:38:06,521 basehttp 124 "POST /xadmin/home/nav/add/ HTTP/1.1" 302 0
INFO 2020-07-08 21:38:12,446 basehttp 124 "GET /xadmin/home/nav/add/ HTTP/1.1" 200 19536
INFO 2020-07-08 21:38:12,547 basehttp 124 "GET /static/xadmin/vendor/bootstrap/css/bootstrap.css HTTP/1.1" 304 0
INFO 2020-07-08 21:38:12,551 basehttp 124 "GET /static/xadmin/vendor/font-awesome/css/font-awesome.css HTTP/1.1" 304 0
INFO 2020-07-08 21:38:12,551 basehttp 124 "GET /static/xadmin/css/themes/bootstrap-xadmin.css HTTP/1.1" 304 0
INFO 2020-07-08 21:38:12,555 basehttp 124 "GET /static/xadmin/css/xadmin.main.css HTTP/1.1" 304 0
INFO 2020-07-08 21:38:12,562 basehttp 124 "GET /static/xadmin/css/xadmin.plugins.css HTTP/1.1" 304 0
INFO 2020-07-08 21:38:12,566 basehttp 124 "GET /static/xadmin/css/xadmin.responsive.css HTTP/1.1" 304 0
INFO 2020-07-08 21:38:12,567 basehttp 124 "GET /static/xadmin/vendor/select2/select2.css HTTP/1.1" 304 0
INFO 2020-07-08 21:38:12,597 basehttp 124 "GET /static/xadmin/vendor/selectize/selectize.bootstrap3.css HTTP/1.1" 304 0
INFO 2020-07-08 21:38:12,598 basehttp 124 "GET /static/xadmin/css/xadmin.form.css HTTP/1.1" 304 0
INFO 2020-07-08 21:38:12,598 basehttp 124 "GET /static/xadmin/vendor/jquery/jquery.js HTTP/1.1" 304 0
INFO 2020-07-08 21:38:12,601 basehttp 124 "GET /static/xadmin/vendor/selectize/selectize.css HTTP/1.1" 304 0
INFO 2020-07-08 21:38:12,605 basehttp 124 "GET /static/xadmin/vendor/jquery-ui/jquery.ui.core.js HTTP/1.1" 304 0
INFO 2020-07-08 21:38:12,634 basehttp 124 "GET /static/xadmin/vendor/jquery-ui/jquery.ui.widget.js HTTP/1.1" 304 0
INFO 2020-07-08 21:38:12,637 basehttp 124 "GET /static/xadmin/vendor/jquery-ui/jquery.ui.sortable.js HTTP/1.1" 304 0
INFO 2020-07-08 21:38:12,642 basehttp 124 "GET /static/xadmin/vendor/bootstrap/js/bootstrap.js HTTP/1.1" 304 0
INFO 2020-07-08 21:38:12,644 basehttp 124 "GET /static/xadmin/vendor/jquery-ui/jquery.ui.mouse.js HTTP/1.1" 304 0
INFO 2020-07-08 21:38:12,645 basehttp 124 "GET /static/xadmin/js/xadmin.main.js HTTP/1.1" 304 0
INFO 2020-07-08 21:38:12,671 basehttp 124 "GET /static/xadmin/js/xadmin.responsive.js HTTP/1.1" 304 0
INFO 2020-07-08 21:38:12,673 basehttp 124 "GET /static/xadmin/vendor/jquery-ui/jquery.ui.effect.js HTTP/1.1" 304 0
INFO 2020-07-08 21:38:12,683 basehttp 124 "GET /static/xadmin/js/xadmin.plugin.themes.js HTTP/1.1" 304 0
INFO 2020-07-08 21:38:12,689 basehttp 124 "GET /static/xadmin/vendor/selectize/selectize.js HTTP/1.1" 304 0
INFO 2020-07-08 21:38:12,689 basehttp 124 "GET /static/xadmin/js/xadmin.plugin.portal.js HTTP/1.1" 304 0
INFO 2020-07-08 21:38:12,704 basehttp 124 "GET /static/xadmin/vendor/select2/select2.js HTTP/1.1" 304 0
INFO 2020-07-08 21:38:12,707 basehttp 124 "GET /static/xadmin/vendor/select2/select2_locale_zh-hans.js HTTP/1.1" 304 0
INFO 2020-07-08 21:38:12,708 basehttp 124 "GET /static/xadmin/js/xadmin.widget.select.js HTTP/1.1" 304 0
INFO 2020-07-08 21:38:12,751 basehttp 124 "GET /static/xadmin/js/xadmin.page.form.js HTTP/1.1" 304 0
INFO 2020-07-08 21:38:16,616 basehttp 124 "GET /xadmin/jsi18n/ HTTP/1.1" 200 7684
INFO 2020-07-08 21:38:16,633 basehttp 124 "GET /static/xadmin/vendor/font-awesome/fonts/fontawesome-webfont.woff?v=4.0.3 HTTP/1.1" 304 0
INFO 2020-07-08 21:38:40,105 basehttp 124 "POST /xadmin/home/nav/add/ HTTP/1.1" 302 0
INFO 2020-07-08 21:38:44,234 basehttp 124 "GET /xadmin/home/nav/add/ HTTP/1.1" 200 19541
INFO 2020-07-08 21:38:48,345 basehttp 124 "GET /xadmin/jsi18n/ HTTP/1.1" 200 7684
INFO 2020-07-08 21:39:24,000 basehttp 124 "POST /xadmin/home/nav/add/ HTTP/1.1" 302 0
INFO 2020-07-08 21:39:28,125 basehttp 124 "GET /xadmin/home/nav/add/ HTTP/1.1" 200 19532
INFO 2020-07-08 21:39:32,224 basehttp 124 "GET /xadmin/jsi18n/ HTTP/1.1" 200 7684
INFO 2020-07-08 21:39:44,713 basehttp 124 "POST /xadmin/home/nav/add/ HTTP/1.1" 302 0
INFO 2020-07-08 21:39:48,831 basehttp 124 "GET /xadmin/home/nav/add/ HTTP/1.1" 200 19542
INFO 2020-07-08 21:39:52,949 basehttp 124 "GET /xadmin/jsi18n/ HTTP/1.1" 200 7684
INFO 2020-07-08 21:40:03,280 basehttp 124 "POST /xadmin/home/nav/add/ HTTP/1.1" 302 0
INFO 2020-07-08 21:40:07,407 basehttp 124 "GET /xadmin/home/nav/ HTTP/1.1" 200 34821
INFO 2020-07-08 21:40:07,501 basehttp 124 "GET /static/xadmin/js/xadmin.plugin.actions.js HTTP/1.1" 304 0
INFO 2020-07-08 21:40:07,502 basehttp 124 "GET /static/xadmin/js/xadmin.plugin.details.js HTTP/1.1" 304 0
INFO 2020-07-08 21:40:07,502 basehttp 124 "GET /static/xadmin/js/xadmin.plugin.bookmark.js HTTP/1.1" 304 0
INFO 2020-07-08 21:40:07,503 basehttp 124 "GET /static/xadmin/js/xadmin.page.list.js HTTP/1.1" 304 0
INFO 2020-07-08 21:40:07,503 basehttp 124 "GET /static/xadmin/js/xadmin.plugin.filters.js HTTP/1.1" 304 0
INFO 2020-07-08 21:40:11,529 basehttp 124 "GET /xadmin/jsi18n/ HTTP/1.1" 200 7684
INFO 2020-07-08 21:44:24,452 basehttp 124 "GET /home/header/ HTTP/1.1" 200 208
INFO 2020-07-08 21:44:51,238 basehttp 124 "GET /home/header/ HTTP/1.1" 200 208
INFO 2020-07-08 21:45:03,155 basehttp 124 "GET /home/header/ HTTP/1.1" 200 208
INFO 2020-07-08 21:46:09,082 basehttp 124 "GET /home/header/ HTTP/1.1" 200 208
INFO 2020-07-08 21:46:09,100 basehttp 124 "GET /home/footer/ HTTP/1.1" 200 217
WARNING 2020-07-09 18:33:19,772 base 93 Not Found: /home/footer/
WARNING 2020-07-09 18:33:19,863 basehttp 124 "GET /home/footer/ HTTP/1.1" 404 2428
WARNING 2020-07-09 18:33:20,078 base 93 Not Found: /home/footer/
WARNING 2020-07-09 18:33:20,079 basehttp 124 "GET /home/footer/ HTTP/1.1" 404 2428
INFO 2020-07-09 18:33:23,936 basehttp 124 "GET /home/header/ HTTP/1.1" 200 2
INFO 2020-07-09 18:33:23,948 basehttp 124 "GET /home/banner/ HTTP/1.1" 200 217
INFO 2020-07-09 18:33:24,039 basehttp 124 "GET /media/banner/02.png HTTP/1.1" 200 364808
INFO 2020-07-09 18:33:24,041 basehttp 124 "GET /media/banner/01.png HTTP/1.1" 200 737783
INFO 2020-07-09 18:33:24,044 basehttp 124 "GET /media/banner/03.png HTTP/1.1" 200 745382
INFO 2020-07-09 18:33:27,967 basehttp 124 "GET /home/header/ HTTP/1.1" 200 2
INFO 2020-07-09 18:33:27,981 basehttp 124 "GET /home/banner/ HTTP/1.1" 200 217
WARNING 2020-07-09 18:36:07,490 base 93 Not Found: /
WARNING 2020-07-09 18:36:07,491 basehttp 124 "GET / HTTP/1.1" 404 2161
WARNING 2020-07-09 18:36:07,631 base 93 Not Found: /favicon.ico
WARNING 2020-07-09 18:36:07,632 basehttp 124 "GET /favicon.ico HTTP/1.1" 404 2212
INFO 2020-07-09 18:36:29,988 basehttp 124 "GET /xadmin/ HTTP/1.1" 200 13214
INFO 2020-07-09 18:36:30,059 basehttp 124 "GET /static/xadmin/css/themes/bootstrap-xadmin.css HTTP/1.1" 200 1888
INFO 2020-07-09 18:36:30,069 basehttp 124 "GET /static/xadmin/vendor/bootstrap/css/bootstrap.css HTTP/1.1" 200 126432
INFO 2020-07-09 18:36:30,074 basehttp 124 "GET /static/xadmin/css/xadmin.main.css HTTP/1.1" 200 8376
INFO 2020-07-09 18:36:30,070 basehttp 124 "GET /static/xadmin/vendor/font-awesome/css/font-awesome.css HTTP/1.1" 200 21658
INFO 2020-07-09 18:36:30,083 basehttp 124 "GET /static/xadmin/css/xadmin.plugins.css HTTP/1.1" 200 175
INFO 2020-07-09 18:36:30,087 basehttp 124 "GET /static/xadmin/css/xadmin.responsive.css HTTP/1.1" 200 4361
INFO 2020-07-09 18:36:30,088 basehttp 124 "GET /static/xadmin/css/xadmin.page.dashboard.css HTTP/1.1" 200 790
INFO 2020-07-09 18:36:30,119 basehttp 124 "GET /static/xadmin/vendor/jquery-ui/jquery.ui.mouse.js HTTP/1.1" 200 4561
INFO 2020-07-09 18:36:30,120 basehttp 124 "GET /static/xadmin/vendor/jquery-ui/jquery.ui.core.js HTTP/1.1" 200 8195
INFO 2020-07-09 18:36:30,120 basehttp 124 "GET /static/xadmin/vendor/jquery-ui/jquery.ui.widget.js HTTP/1.1" 200 15069
INFO 2020-07-09 18:36:30,123 basehttp 124 "GET /static/xadmin/vendor/jquery-ui/jquery.ui.sortable.js HTTP/1.1" 200 42543
INFO 2020-07-09 18:36:30,124 basehttp 124 "GET /static/xadmin/vendor/bootstrap/js/bootstrap.js HTTP/1.1" 200 58327
INFO 2020-07-09 18:36:30,173 basehttp 124 "GET /static/xadmin/js/xadmin.responsive.js HTTP/1.1" 200 4165
INFO 2020-07-09 18:36:30,176 basehttp 124 "GET /static/xadmin/js/xadmin.plugin.themes.js HTTP/1.1" 200 3489
INFO 2020-07-09 18:36:30,177 basehttp 124 "GET /static/xadmin/js/xadmin.main.js HTTP/1.1" 200 3401
INFO 2020-07-09 18:36:30,178 basehttp 124 "GET /static/xadmin/js/xadmin.page.dashboard.js HTTP/1.1" 200 3208
INFO 2020-07-09 18:36:30,178 basehttp 124 "GET /static/xadmin/vendor/jquery-ui/jquery.ui.effect.js HTTP/1.1" 200 31918
INFO 2020-07-09 18:36:30,263 basehttp 124 "GET /static/xadmin/js/xadmin.plugin.portal.js HTTP/1.1" 200 1000
INFO 2020-07-09 18:36:30,268 basehttp 124 "GET /static/xadmin/vendor/jquery/jquery.js HTTP/1.1" 200 240196
INFO 2020-07-09 18:36:34,108 basehttp 124 "GET /xadmin/jsi18n/ HTTP/1.1" 200 7684
INFO 2020-07-09 18:36:34,223 basehttp 124 "GET /static/xadmin/vendor/font-awesome/fonts/fontawesome-webfont.woff?v=4.0.3 HTTP/1.1" 200 44432
INFO 2020-07-09 18:36:45,091 basehttp 124 "GET /xadmin/home/nav/ HTTP/1.1" 200 32941
ERROR 2020-07-09 18:36:45,096 basehttp 124 "GET /xadmin/home/nav/ HTTP/1.1" 500 59
INFO 2020-07-09 18:36:46,168 basehttp 124 "GET /xadmin/home/nav/ HTTP/1.1" 200 32941
INFO 2020-07-09 18:36:46,215 basehttp 124 "GET /static/xadmin/css/xadmin.form.css HTTP/1.1" 200 3763
INFO 2020-07-09 18:36:46,224 basehttp 124 "GET /static/xadmin/js/xadmin.plugin.details.js HTTP/1.1" 200 2319
INFO 2020-07-09 18:36:46,224 basehttp 124 "GET /static/xadmin/js/xadmin.plugin.bookmark.js HTTP/1.1" 200 529
INFO 2020-07-09 18:36:46,230 basehttp 124 "GET /static/xadmin/js/xadmin.plugin.filters.js HTTP/1.1" 200 1990
INFO 2020-07-09 18:36:46,232 basehttp 124 "GET /static/xadmin/js/xadmin.plugin.actions.js HTTP/1.1" 200 4198
INFO 2020-07-09 18:36:46,232 basehttp 124 "GET /static/xadmin/js/xadmin.page.list.js HTTP/1.1" 200 1105
INFO 2020-07-09 18:36:46,241 basehttp 124 "GET /static/xadmin/js/xadmin.page.form.js HTTP/1.1" 200 1948
INFO 2020-07-09 18:36:50,264 basehttp 124 "GET /xadmin/jsi18n/ HTTP/1.1" 200 7684
INFO 2020-07-09 18:37:00,210 basehttp 124 "GET /xadmin/home/nav/11/update/ HTTP/1.1" 200 17900
INFO 2020-07-09 18:37:00,242 basehttp 124 "GET /static/xadmin/vendor/select2/select2.css HTTP/1.1" 200 19226
INFO 2020-07-09 18:37:00,265 basehttp 124 "GET /static/xadmin/vendor/selectize/selectize.css HTTP/1.1" 200 8425
INFO 2020-07-09 18:37:00,275 basehttp 124 "GET /static/xadmin/vendor/selectize/selectize.bootstrap3.css HTTP/1.1" 200 10602
INFO 2020-07-09 18:37:00,284 basehttp 124 "GET /static/xadmin/vendor/select2/select2_locale_zh-hans.js HTTP/1.1" 200 694
INFO 2020-07-09 18:37:00,284 basehttp 124 "GET /static/xadmin/vendor/select2/select2.js HTTP/1.1" 200 104906
INFO 2020-07-09 18:37:00,284 basehttp 124 "GET /static/xadmin/vendor/selectize/selectize.js HTTP/1.1" 200 98602
INFO 2020-07-09 18:37:00,319 basehttp 124 "GET /static/xadmin/js/xadmin.widget.select.js HTTP/1.1" 200 1344
INFO 2020-07-09 18:37:04,304 basehttp 124 "GET /xadmin/jsi18n/ HTTP/1.1" 200 7684
INFO 2020-07-09 18:37:18,059 basehttp 124 "POST /xadmin/home/nav/11/update/ HTTP/1.1" 302 0
INFO 2020-07-09 18:37:22,233 basehttp 124 "GET /xadmin/home/nav/ HTTP/1.1" 200 33177
INFO 2020-07-09 18:37:26,314 basehttp 124 "GET /xadmin/jsi18n/ HTTP/1.1" 200 7684
WARNING 2020-07-09 18:37:30,384 base 93 Not Found: /home/footer/
WARNING 2020-07-09 18:37:30,386 basehttp 124 "GET /home/footer/ HTTP/1.1" 404 2428
INFO 2020-07-09 18:37:34,418 basehttp 124 "GET /home/header/ HTTP/1.1" 200 54
INFO 2020-07-09 18:37:34,422 basehttp 124 "GET /home/banner/ HTTP/1.1" 200 217
INFO 2020-07-09 18:37:56,487 basehttp 124 "GET /xadmin/home/nav/10/update/ HTTP/1.1" 200 17936
INFO 2020-07-09 18:38:00,596 basehttp 124 "GET /xadmin/jsi18n/ HTTP/1.1" 200 7684
INFO 2020-07-09 18:38:08,948 basehttp 124 "POST /xadmin/home/nav/10/update/ HTTP/1.1" 302 0
INFO 2020-07-09 18:38:13,079 basehttp 124 "GET /xadmin/home/nav/10/update/ HTTP/1.1" 200 18225
INFO 2020-07-09 18:38:17,185 basehttp 124 "GET /xadmin/jsi18n/ HTTP/1.1" 200 7684
INFO 2020-07-09 18:38:29,121 basehttp 124 "POST /xadmin/home/nav/10/update/ HTTP/1.1" 302 0
INFO 2020-07-09 18:38:33,245 basehttp 124 "GET /xadmin/home/nav/10/update/ HTTP/1.1" 200 18225
INFO 2020-07-09 18:38:37,324 basehttp 124 "GET /xadmin/jsi18n/ HTTP/1.1" 200 7684
INFO 2020-07-09 18:38:43,408 basehttp 124 "GET /xadmin/home/nav/ HTTP/1.1" 200 32943
INFO 2020-07-09 18:38:47,504 basehttp 124 "GET /xadmin/jsi18n/ HTTP/1.1" 200 7684
INFO 2020-07-09 18:38:53,344 basehttp 124 "GET /xadmin/home/nav/9/update/ HTTP/1.1" 200 17898
INFO 2020-07-09 18:38:57,453 basehttp 124 "GET /xadmin/jsi18n/ HTTP/1.1" 200 7684
INFO 2020-07-09 18:39:08,729 basehttp 124 "POST /xadmin/home/nav/9/update/ HTTP/1.1" 302 0
INFO 2020-07-09 18:39:12,893 basehttp 124 "GET /xadmin/home/nav/ HTTP/1.1" 200 33179
INFO 2020-07-09 18:39:16,978 basehttp 124 "GET /xadmin/jsi18n/ HTTP/1.1" 200 7684
INFO 2020-07-09 18:39:23,079 basehttp 124 "GET /xadmin/home/nav/6/update/ HTTP/1.1" 200 17897
INFO 2020-07-09 18:39:27,177 basehttp 124 "GET /xadmin/jsi18n/ HTTP/1.1" 200 7684
INFO 2020-07-09 18:39:35,085 basehttp 124 "POST /xadmin/home/nav/6/update/ HTTP/1.1" 302 0
INFO 2020-07-09 18:39:39,226 basehttp 124 "GET /xadmin/home/nav/ HTTP/1.1" 200 33180
INFO 2020-07-09 18:39:43,321 basehttp 124 "GET /xadmin/jsi18n/ HTTP/1.1" 200 7684
WARNING 2020-07-09 18:39:51,618 base 93 Not Found: /home/footer/
WARNING 2020-07-09 18:39:51,619 basehttp 124 "GET /home/footer/ HTTP/1.1" 404 2428
INFO 2020-07-09 18:39:55,660 basehttp 124 "GET /home/banner/ HTTP/1.1" 200 217
INFO 2020-07-09 18:39:55,670 basehttp 124 "GET /home/header/ HTTP/1.1" 200 221
WARNING 2020-07-09 18:40:59,064 base 93 Not Found: /home/footer/
WARNING 2020-07-09 18:40:59,065 basehttp 124 "GET /home/footer/ HTTP/1.1" 404 2428
INFO 2020-07-09 18:41:03,085 basehttp 124 "GET /home/header/ HTTP/1.1" 200 221
INFO 2020-07-09 18:41:03,087 basehttp 124 "GET /home/banner/ HTTP/1.1" 200 217
INFO 2020-07-09 18:44:53,247 basehttp 124 "GET /home/header/ HTTP/1.1" 200 221
WARNING 2020-07-09 18:45:35,824 base 93 Not Found: /home/footer/
WARNING 2020-07-09 18:45:35,826 basehttp 124 "GET /home/footer/ HTTP/1.1" 404 2428
INFO 2020-07-09 18:45:39,842 basehttp 124 "GET /home/header/ HTTP/1.1" 200 221
INFO 2020-07-09 18:45:39,847 basehttp 124 "GET /home/banner/ HTTP/1.1" 200 217
WARNING 2020-07-09 18:45:56,157 base 93 Not Found: /home/footer/
WARNING 2020-07-09 18:45:56,158 basehttp 124 "GET /home/footer/ HTTP/1.1" 404 2428
INFO 2020-07-09 18:46:00,151 basehttp 124 "GET /home/header/ HTTP/1.1" 200 221
INFO 2020-07-09 18:46:00,190 basehttp 124 "GET /home/banner/ HTTP/1.1" 200 217
WARNING 2020-07-09 18:46:29,464 base 93 Not Found: /home/footer/
WARNING 2020-07-09 18:46:29,467 basehttp 124 "GET /home/footer/ HTTP/1.1" 404 2428
INFO 2020-07-09 18:46:33,485 basehttp 124 "GET /home/banner/ HTTP/1.1" 200 217
INFO 2020-07-09 18:46:33,488 basehttp 124 "GET /home/header/ HTTP/1.1" 200 221
WARNING 2020-07-09 18:46:52,136 base 93 Not Found: /home/footer/
WARNING 2020-07-09 18:46:52,137 basehttp 124 "GET /home/footer/ HTTP/1.1" 404 2428
INFO 2020-07-09 18:46:56,134 basehttp 124 "GET /home/header/ HTTP/1.1" 200 221
INFO 2020-07-09 18:46:56,172 basehttp 124 "GET /home/banner/ HTTP/1.1" 200 217
WARNING 2020-07-09 18:48:15,172 base 93 Not Found: /home/footer/
WARNING 2020-07-09 18:48:15,172 basehttp 124 "GET /home/footer/ HTTP/1.1" 404 2428
INFO 2020-07-09 18:48:34,880 basehttp 124 "GET /home/header/ HTTP/1.1" 200 221
INFO 2020-07-09 18:50:51,129 basehttp 124 "GET /home/footer/ HTTP/1.1" 200 217
INFO 2020-07-09 18:50:51,132 basehttp 124 "GET /home/banner/ HTTP/1.1" 200 217
INFO 2020-07-09 18:50:51,137 basehttp 124 "GET /home/header/ HTTP/1.1" 200 208
INFO 2020-07-09 19:33:15,789 basehttp 124 "GET /xadmin/home/nav/ HTTP/1.1" 200 4375
INFO 2020-07-09 19:33:15,917 basehttp 124 "GET /xadmin/jsi18n/ HTTP/1.1" 200 4373
INFO 2020-07-09 19:33:24,160 basehttp 124 "POST /xadmin/home/nav/ HTTP/1.1" 200 4612
INFO 2020-07-09 19:33:24,204 basehttp 124 "GET /xadmin/jsi18n/ HTTP/1.1" 200 4373
INFO 2020-07-09 19:33:30,274 basehttp 124 "GET /xadmin/ HTTP/1.1" 200 4366
INFO 2020-07-09 19:33:30,325 basehttp 124 "GET /xadmin/jsi18n/ HTTP/1.1" 200 4373
INFO 2020-07-09 19:33:37,351 basehttp 124 "POST /xadmin/ HTTP/1.1" 200 4603
INFO 2020-07-09 19:33:37,383 basehttp 124 "GET /xadmin/jsi18n/ HTTP/1.1" 200 4373
INFO 2020-07-09 19:38:29,151 basehttp 124 "POST /xadmin/ HTTP/1.1" 302 0
INFO 2020-07-09 19:38:34,713 basehttp 124 "GET /xadmin/ HTTP/1.1" 200 15548
INFO 2020-07-09 19:38:38,794 basehttp 124 "GET /xadmin/jsi18n/ HTTP/1.1" 200 7684
INFO 2020-07-09 19:39:15,284 basehttp 124 "GET /xadmin/user/userinfo/ HTTP/1.1" 200 35449
ERROR 2020-07-09 19:39:15,286 basehttp 124 "GET /xadmin/user/userinfo/ HTTP/1.1" 500 59
INFO 2020-07-09 19:39:18,322 basehttp 124 "GET /xadmin/user/userinfo/ HTTP/1.1" 200 35449
ERROR 2020-07-09 19:39:18,323 basehttp 124 "GET /xadmin/user/userinfo/ HTTP/1.1" 500 59
INFO 2020-07-09 19:39:18,515 basehttp 124 "GET /xadmin/user/userinfo/ HTTP/1.1" 200 35449
INFO 2020-07-09 19:39:22,629 basehttp 124 "GET /xadmin/jsi18n/ HTTP/1.1" 200 7684
INFO 2020-07-09 19:59:21,953 basehttp 124 "GET /xadmin/home/nav/ HTTP/1.1" 200 25650
ERROR 2020-07-09 19:59:21,955 basehttp 124 "GET /xadmin/home/nav/ HTTP/1.1" 500 59
INFO 2020-07-09 19:59:22,814 basehttp 124 "GET /xadmin/home/nav/ HTTP/1.1" 200 25650
INFO 2020-07-09 19:59:26,889 basehttp 124 "GET /xadmin/jsi18n/ HTTP/1.1" 200 7684
INFO 2020-07-09 19:59:32,487 basehttp 124 "GET /xadmin/home/banner/ HTTP/1.1" 200 25087
INFO 2020-07-09 19:59:36,587 basehttp 124 "GET /xadmin/jsi18n/ HTTP/1.1" 200 7684
INFO 2020-07-09 19:59:43,682 basehttp 124 "GET /xadmin/home/banner/add/ HTTP/1.1" 200 20623
INFO 2020-07-09 19:59:43,728 basehttp 124 "GET /static/xadmin/vendor/bootstrap-image-gallery/css/bootstrap-image-gallery.css HTTP/1.1" 200 3339
INFO 2020-07-09 19:59:43,735 basehttp 124 "GET /static/xadmin/vendor/load-image/load-image.js HTTP/1.1" 200 8309
INFO 2020-07-09 19:59:43,740 basehttp 124 "GET /static/xadmin/vendor/bootstrap-image-gallery/js/bootstrap-image-gallery.js HTTP/1.1" 200 15611
INFO 2020-07-09 19:59:47,776 basehttp 124 "GET /xadmin/jsi18n/ HTTP/1.1" 200 7684
INFO 2020-07-09 20:01:41,884 basehttp 124 "POST /xadmin/home/banner/add/ HTTP/1.1" 302 0
INFO 2020-07-09 20:01:46,009 basehttp 124 "GET /xadmin/home/banner/add/ HTTP/1.1" 200 20958
INFO 2020-07-09 20:01:50,103 basehttp 124 "GET /xadmin/jsi18n/ HTTP/1.1" 200 7684
INFO 2020-07-09 20:02:08,562 basehttp 124 "POST /xadmin/home/banner/add/ HTTP/1.1" 302 0
INFO 2020-07-09 20:02:12,700 basehttp 124 "GET /xadmin/home/banner/add/ HTTP/1.1" 200 20958
INFO 2020-07-09 20:02:16,794 basehttp 124 "GET /xadmin/jsi18n/ HTTP/1.1" 200 7684
INFO 2020-07-09 20:02:37,883 basehttp 124 "POST /xadmin/home/banner/add/ HTTP/1.1" 302 0
INFO 2020-07-09 20:02:42,027 basehttp 124 "GET /xadmin/home/banner/ HTTP/1.1" 200 30260
INFO 2020-07-09 20:02:46,126 basehttp 124 "GET /xadmin/jsi18n/ HTTP/1.1" 200 7684
INFO 2020-07-09 20:02:53,745 basehttp 124 "GET /xadmin/home/nav/ HTTP/1.1" 200 25650
INFO 2020-07-09 20:02:57,848 basehttp 124 "GET /xadmin/jsi18n/ HTTP/1.1" 200 7684
INFO 2020-07-09 20:03:13,432 basehttp 124 "GET /xadmin/home/nav/add/ HTTP/1.1" 200 19939
INFO 2020-07-09 20:03:17,538 basehttp 124 "GET /xadmin/jsi18n/ HTTP/1.1" 200 7684
INFO 2020-07-09 20:03:41,344 basehttp 124 "POST /xadmin/home/nav/add/ HTTP/1.1" 302 0
INFO 2020-07-09 20:03:45,481 basehttp 124 "GET /xadmin/home/nav/add/ HTTP/1.1" 200 20282
INFO 2020-07-09 20:03:49,569 basehttp 124 "GET /xadmin/jsi18n/ HTTP/1.1" 200 7684
INFO 2020-07-09 20:04:14,935 basehttp 124 "POST /xadmin/home/nav/add/ HTTP/1.1" 302 0
INFO 2020-07-09 20:04:19,061 basehttp 124 "GET /xadmin/home/nav/add/ HTTP/1.1" 200 20282
INFO 2020-07-09 20:04:23,183 basehttp 124 "GET /xadmin/jsi18n/ HTTP/1.1" 200 7684
INFO 2020-07-09 20:04:40,534 basehttp 124 "POST /xadmin/home/nav/add/ HTTP/1.1" 302 0
INFO 2020-07-09 20:04:44,686 basehttp 124 "GET /xadmin/home/nav/add/ HTTP/1.1" 200 20286
INFO 2020-07-09 20:04:48,776 basehttp 124 "GET /xadmin/jsi18n/ HTTP/1.1" 200 7684
INFO 2020-07-09 20:05:48,986 basehttp 124 "POST /xadmin/home/nav/add/ HTTP/1.1" 302 0
INFO 2020-07-09 20:05:53,114 basehttp 124 "GET /xadmin/home/nav/add/ HTTP/1.1" 200 20282
INFO 2020-07-09 20:05:57,204 basehttp 124 "GET /xadmin/jsi18n/ HTTP/1.1" 200 7684
INFO 2020-07-09 20:07:15,120 basehttp 124 "POST /xadmin/home/nav/add/ HTTP/1.1" 302 0
INFO 2020-07-09 20:07:19,254 basehttp 124 "GET /xadmin/home/nav/add/ HTTP/1.1" 200 20292
INFO 2020-07-09 20:07:23,361 basehttp 124 "GET /xadmin/jsi18n/ HTTP/1.1" 200 7684
INFO 2020-07-09 20:07:52,708 basehttp 124 "POST /xadmin/home/nav/add/ HTTP/1.1" 302 0
INFO 2020-07-09 20:07:56,846 basehttp 124 "GET /xadmin/home/nav/add/ HTTP/1.1" 200 20282
INFO 2020-07-09 20:08:00,947 basehttp 124 "GET /xadmin/jsi18n/ HTTP/1.1" 200 7684
INFO 2020-07-09 20:08:31,958 basehttp 124 "POST /xadmin/home/nav/add/ HTTP/1.1" 302 0
INFO 2020-07-09 20:08:36,082 basehttp 124 "GET /xadmin/home/nav/add/ HTTP/1.1" 200 20282
INFO 2020-07-09 20:08:40,171 basehttp 124 "GET /xadmin/jsi18n/ HTTP/1.1" 200 7684
INFO 2020-07-09 20:09:21,501 basehttp 124 "POST /xadmin/home/nav/add/ HTTP/1.1" 302 0
INFO 2020-07-09 20:09:25,645 basehttp 124 "GET /xadmin/home/nav/add/ HTTP/1.1" 200 20282
INFO 2020-07-09 20:09:29,724 basehttp 124 "GET /xadmin/jsi18n/ HTTP/1.1" 200 7684
INFO 2020-07-09 20:09:43,438 basehttp 124 "POST /xadmin/home/nav/add/ HTTP/1.1" 302 0
ERROR 2020-07-09 20:09:43,439 basehttp 124 "POST /xadmin/home/nav/add/ HTTP/1.1" 500 59
INFO 2020-07-09 20:09:46,838 basehttp 124 "POST /xadmin/home/nav/add/ HTTP/1.1" 302 0
INFO 2020-07-09 20:09:50,973 basehttp 124 "GET /xadmin/home/nav/add/ HTTP/1.1" 200 20283
INFO 2020-07-09 20:09:55,082 basehttp 124 "GET /xadmin/jsi18n/ HTTP/1.1" 200 7684
INFO 2020-07-09 20:10:25,534 basehttp 124 "POST /xadmin/home/nav/add/ HTTP/1.1" 302 0
INFO 2020-07-09 20:10:29,657 basehttp 124 "GET /xadmin/home/nav/add/ HTTP/1.1" 200 20283
INFO 2020-07-09 20:10:33,757 basehttp 124 "GET /xadmin/jsi18n/ HTTP/1.1" 200 7684
INFO 2020-07-09 20:10:53,873 basehttp 124 "POST /xadmin/home/nav/add/ HTTP/1.1" 302 0
INFO 2020-07-09 20:10:58,020 basehttp 124 "GET /xadmin/home/nav/add/ HTTP/1.1" 200 20283
INFO 2020-07-09 20:11:02,128 basehttp 124 "GET /xadmin/jsi18n/ HTTP/1.1" 200 7684
INFO 2020-07-09 20:11:11,070 basehttp 124 "GET /xadmin/home/nav/ HTTP/1.1" 200 35868
INFO 2020-07-09 20:11:15,174 basehttp 124 "GET /xadmin/jsi18n/ HTTP/1.1" 200 7684
INFO 2020-07-09 20:11:39,643 basehttp 124 "POST /xadmin/home/nav/ HTTP/1.1" 200 15860
INFO 2020-07-09 20:11:43,727 basehttp 124 "GET /xadmin/jsi18n/ HTTP/1.1" 200 7684
INFO 2020-07-09 20:11:50,194 basehttp 124 "POST /xadmin/home/nav/ HTTP/1.1" 302 0
INFO 2020-07-09 20:11:54,351 basehttp 124 "GET /xadmin/home/nav/ HTTP/1.1" 200 35507
INFO 2020-07-09 20:11:58,471 basehttp 124 "GET /xadmin/jsi18n/ HTTP/1.1" 200 7684
INFO 2020-07-09 20:12:08,692 basehttp 124 "GET /xadmin/home/nav/6/update/ HTTP/1.1" 200 20263
INFO 2020-07-09 20:12:12,818 basehttp 124 "GET /xadmin/jsi18n/ HTTP/1.1" 200 7684
INFO 2020-07-09 20:12:22,248 basehttp 124 "POST /xadmin/home/nav/6/update/ HTTP/1.1" 302 0
INFO 2020-07-09 20:12:26,406 basehttp 124 "GET /xadmin/home/nav/ HTTP/1.1" 200 35516
INFO 2020-07-09 20:12:30,516 basehttp 124 "GET /xadmin/jsi18n/ HTTP/1.1" 200 7684
INFO 2020-07-09 20:12:38,826 basehttp 124 "GET /xadmin/home/nav/7/update/ HTTP/1.1" 200 20263
INFO 2020-07-09 20:12:42,923 basehttp 124 "GET /xadmin/jsi18n/ HTTP/1.1" 200 7684
INFO 2020-07-09 20:12:50,446 basehttp 124 "POST /xadmin/home/nav/7/update/ HTTP/1.1" 302 0
INFO 2020-07-09 20:12:54,590 basehttp 124 "GET /xadmin/home/nav/ HTTP/1.1" 200 35516
INFO 2020-07-09 20:12:58,726 basehttp 124 "GET /xadmin/jsi18n/ HTTP/1.1" 200 7684
INFO 2020-07-09 20:13:26,290 basehttp 124 "GET /home/banner/ HTTP/1.1" 200 289
INFO 2020-07-09 20:13:26,295 basehttp 124 "GET /home/header/ HTTP/1.1" 200 315
INFO 2020-07-09 20:13:26,300 basehttp 124 "GET /home/footer/ HTTP/1.1" 200 361
INFO 2020-07-09 20:15:10,599 basehttp 124 "GET /xadmin/ HTTP/1.1" 200 15548
INFO 2020-07-09 20:15:14,672 basehttp 124 "GET /xadmin/jsi18n/ HTTP/1.1" 200 7684
INFO 2020-07-09 20:30:20,937 basehttp 124 "GET /home/header/ HTTP/1.1" 200 315
ERROR 2020-07-09 20:30:20,939 basehttp 124 "GET /home/header/ HTTP/1.1" 500 59
INFO 2020-07-09 20:30:24,705 basehttp 124 "GET /home/banner/ HTTP/1.1" 200 289
INFO 2020-07-09 20:30:24,708 basehttp 124 "GET /home/footer/ HTTP/1.1" 200 361
INFO 2020-07-09 20:30:24,713 basehttp 124 "GET /home/header/ HTTP/1.1" 200 315
INFO 2020-07-09 20:30:50,187 basehttp 124 "GET /home/header/ HTTP/1.1" 200 315
INFO 2020-07-09 20:30:50,195 basehttp 124 "GET /home/banner/ HTTP/1.1" 200 289
INFO 2020-07-09 20:30:50,209 basehttp 124 "GET /home/footer/ HTTP/1.1" 200 361
INFO 2020-07-09 20:33:11,666 basehttp 124 "GET /home/header/ HTTP/1.1" 200 315
ERROR 2020-07-09 20:33:11,667 basehttp 124 "GET /home/header/ HTTP/1.1" 500 59
INFO 2020-07-09 20:33:14,114 basehttp 124 "GET /home/footer/ HTTP/1.1" 200 361
INFO 2020-07-09 20:33:14,118 basehttp 124 "GET /home/banner/ HTTP/1.1" 200 289
INFO 2020-07-09 20:33:14,261 basehttp 124 "GET /home/header/ HTTP/1.1" 200 315
INFO 2020-07-09 20:34:24,098 basehttp 124 "GET /home/banner/ HTTP/1.1" 200 289
INFO 2020-07-09 20:34:24,101 basehttp 124 "GET /home/header/ HTTP/1.1" 200 315
ERROR 2020-07-09 20:34:24,102 basehttp 124 "GET /home/banner/ HTTP/1.1" 500 59
ERROR 2020-07-09 20:34:24,103 basehttp 124 "GET /home/header/ HTTP/1.1" 500 59
INFO 2020-07-09 20:34:24,108 basehttp 124 "GET /home/footer/ HTTP/1.1" 200 361
ERROR 2020-07-09 20:34:24,110 basehttp 124 "GET /home/footer/ HTTP/1.1" 500 59
INFO 2020-07-09 20:34:27,256 basehttp 124 "GET /home/header/ HTTP/1.1" 200 315
INFO 2020-07-09 20:34:27,258 basehttp 124 "GET /home/banner/ HTTP/1.1" 200 289
INFO 2020-07-09 20:34:27,262 basehttp 124 "GET /home/footer/ HTTP/1.1" 200 361
INFO 2020-07-09 20:36:18,815 basehttp 124 "GET /home/header/ HTTP/1.1" 200 315
INFO 2020-07-09 20:36:18,820 basehttp 124 "GET /home/banner/ HTTP/1.1" 200 289
INFO 2020-07-09 20:36:18,824 basehttp 124 "GET /home/footer/ HTTP/1.1" 200 361
INFO 2020-07-09 20:36:24,152 basehttp 124 "OPTIONS /user/login/ HTTP/1.1" 200 0
WARNING 2020-07-09 20:36:24,158 basehttp 124 "POST /user/login/ HTTP/1.1" 400 81
INFO 2020-07-09 20:36:37,049 basehttp 124 "GET /home/header/ HTTP/1.1" 200 315
INFO 2020-07-09 20:36:37,059 basehttp 124 "GET /home/banner/ HTTP/1.1" 200 289
INFO 2020-07-09 20:36:37,066 basehttp 124 "GET /home/footer/ HTTP/1.1" 200 361
INFO 2020-07-09 20:43:00,015 basehttp 124 "GET /home/banner/ HTTP/1.1" 200 289
INFO 2020-07-09 20:43:00,016 basehttp 124 "GET /home/header/ HTTP/1.1" 200 315
INFO 2020-07-09 20:43:00,079 basehttp 124 "GET /home/footer/ HTTP/1.1" 200 361
INFO 2020-07-09 20:43:25,879 basehttp 124 "GET /user/captcha/?username=admin HTTP/1.1" 200 140
INFO 2020-07-09 20:45:05,885 basehttp 124 "GET /user/captcha/?username=admin HTTP/1.1" 200 140
INFO 2020-07-09 20:51:38,048 basehttp 124 "GET /user/captcha/?username=admin HTTP/1.1" 200 140
INFO 2020-07-09 20:52:25,353 basehttp 124 "GET /user/captcha/?username=admin HTTP/1.1" 200 140
WARNING 2020-07-09 20:54:42,252 base 93 Not Found: /user/
WARNING 2020-07-09 20:54:42,254 basehttp 124 "GET /user/ HTTP/1.1" 404 2512
ERROR 2020-07-09 20:54:49,482 exception 118 Internal Server Error: /user/login/
Traceback (most recent call last):
  File "C:\Users\Li.Mir\AppData\Local\Programs\Python\Python36\lib\site-packages\rest_framework\views.py", line 494, in dispatch
    response = handler(request, *args, **kwargs)
  File "C:\Users\Li.Mir\AppData\Local\Programs\Python\Python36\lib\site-packages\rest_framework\views.py", line 167, in http_method_not_allowed
    raise exceptions.MethodNotAllowed(request.method)
rest_framework.exceptions.MethodNotAllowed:  GET 

During handling of the above exception, another exception occurred:

Traceback (most recent call last):
  File "C:\Users\Li.Mir\AppData\Local\Programs\Python\Python36\lib\site-packages\rest_framework\settings.py", line 177, in import_from_string
    return import_string(val)
  File "C:\Users\Li.Mir\AppData\Local\Programs\Python\Python36\lib\site-packages\django\utils\module_loading.py", line 17, in import_string
    module = import_module(module_path)
  File "C:\Users\Li.Mir\AppData\Local\Programs\Python\Python36\lib\importlib\__init__.py", line 126, in import_module
    return _bootstrap._gcd_import(name[level:], package, level)
  File "<frozen importlib._bootstrap>", line 994, in _gcd_import
  File "<frozen importlib._bootstrap>", line 971, in _find_and_load
  File "<frozen importlib._bootstrap>", line 941, in _find_and_load_unlocked
  File "<frozen importlib._bootstrap>", line 219, in _call_with_frames_removed
  File "<frozen importlib._bootstrap>", line 994, in _gcd_import
  File "<frozen importlib._bootstrap>", line 971, in _find_and_load
  File "<frozen importlib._bootstrap>", line 953, in _find_and_load_unlocked
ModuleNotFoundError: No module named 'utils'

During handling of the above exception, another exception occurred:

Traceback (most recent call last):
  File "C:\Users\Li.Mir\AppData\Local\Programs\Python\Python36\lib\site-packages\django\core\handlers\exception.py", line 35, in inner
    response = get_response(request)
  File "C:\Users\Li.Mir\AppData\Local\Programs\Python\Python36\lib\site-packages\django\core\handlers\base.py", line 128, in _get_response
    response = self.process_exception_by_middleware(e, request)
  File "C:\Users\Li.Mir\AppData\Local\Programs\Python\Python36\lib\site-packages\django\core\handlers\base.py", line 126, in _get_response
    response = wrapped_callback(request, *callback_args, **callback_kwargs)
  File "C:\Users\Li.Mir\AppData\Local\Programs\Python\Python36\lib\site-packages\django\views\decorators\csrf.py", line 54, in wrapped_view
    return view_func(*args, **kwargs)
  File "C:\Users\Li.Mir\AppData\Local\Programs\Python\Python36\lib\site-packages\django\views\generic\base.py", line 69, in view
    return self.dispatch(request, *args, **kwargs)
  File "C:\Users\Li.Mir\AppData\Local\Programs\Python\Python36\lib\site-packages\rest_framework\views.py", line 497, in dispatch
    response = self.handle_exception(exc)
  File "C:\Users\Li.Mir\AppData\Local\Programs\Python\Python36\lib\site-packages\rest_framework\views.py", line 451, in handle_exception
    exception_handler = self.get_exception_handler()
  File "C:\Users\Li.Mir\AppData\Local\Programs\Python\Python36\lib\site-packages\rest_framework\views.py", line 298, in get_exception_handler
    return self.settings.EXCEPTION_HANDLER
  File "C:\Users\Li.Mir\AppData\Local\Programs\Python\Python36\lib\site-packages\rest_framework\settings.py", line 220, in __getattr__
    val = perform_import(val, attr)
  File "C:\Users\Li.Mir\AppData\Local\Programs\Python\Python36\lib\site-packages\rest_framework\settings.py", line 166, in perform_import
    return import_from_string(val, setting_name)
  File "C:\Users\Li.Mir\AppData\Local\Programs\Python\Python36\lib\site-packages\rest_framework\settings.py", line 180, in import_from_string
    raise ImportError(msg)
ImportError: Could not import 'utils.exceptions.exception_handler' for API setting 'EXCEPTION_HANDLER'. ModuleNotFoundError: No module named 'utils'.
ERROR 2020-07-09 20:54:49,776 basehttp 124 "GET /user/login/ HTTP/1.1" 500 132394
INFO 2020-07-09 20:56:37,317 basehttp 124 "GET /xadmin/ HTTP/1.1" 200 4366
INFO 2020-07-09 20:56:41,461 basehttp 124 "GET /xadmin/jsi18n/ HTTP/1.1" 200 4373
INFO 2020-07-09 20:56:48,812 basehttp 124 "POST /xadmin/ HTTP/1.1" 302 0
INFO 2020-07-09 20:56:54,588 basehttp 124 "GET /xadmin/ HTTP/1.1" 200 15548
INFO 2020-07-09 20:56:58,659 basehttp 124 "GET /xadmin/jsi18n/ HTTP/1.1" 200 7684
INFO 2020-07-09 20:57:22,195 basehttp 124 "GET /xadmin/user/userinfo/ HTTP/1.1" 200 35449
INFO 2020-07-09 20:57:26,308 basehttp 124 "GET /xadmin/jsi18n/ HTTP/1.1" 200 7684
INFO 2020-07-09 20:57:33,782 basehttp 124 "GET /xadmin/user/userinfo/add/ HTTP/1.1" 200 18686
INFO 2020-07-09 20:57:37,900 basehttp 124 "GET /xadmin/jsi18n/ HTTP/1.1" 200 7684
INFO 2020-07-09 20:58:03,294 basehttp 124 "POST /xadmin/user/userinfo/add/ HTTP/1.1" 200 19162
INFO 2020-07-09 20:58:07,397 basehttp 124 "GET /xadmin/jsi18n/ HTTP/1.1" 200 7684
ERROR 2020-07-09 20:58:33,770 exception 118 Internal Server Error: /xadmin/user/userinfo/add/
Traceback (most recent call last):
  File "C:\Users\Li.Mir\AppData\Local\Programs\Python\Python36\lib\site-packages\django\db\backends\utils.py", line 85, in _execute
    return self.cursor.execute(sql, params)
  File "C:\Users\Li.Mir\AppData\Local\Programs\Python\Python36\lib\site-packages\django\db\backends\mysql\base.py", line 71, in execute
    return self.cursor.execute(query, args)
  File "C:\Users\Li.Mir\AppData\Local\Programs\Python\Python36\lib\site-packages\pymysql\cursors.py", line 170, in execute
    result = self._query(query)
  File "C:\Users\Li.Mir\AppData\Local\Programs\Python\Python36\lib\site-packages\pymysql\cursors.py", line 328, in _query
    conn.query(q)
  File "C:\Users\Li.Mir\AppData\Local\Programs\Python\Python36\lib\site-packages\pymysql\connections.py", line 517, in query
    self._affected_rows = self._read_query_result(unbuffered=unbuffered)
  File "C:\Users\Li.Mir\AppData\Local\Programs\Python\Python36\lib\site-packages\pymysql\connections.py", line 732, in _read_query_result
    result.read()
  File "C:\Users\Li.Mir\AppData\Local\Programs\Python\Python36\lib\site-packages\pymysql\connections.py", line 1075, in read
    first_packet = self.connection._read_packet()
  File "C:\Users\Li.Mir\AppData\Local\Programs\Python\Python36\lib\site-packages\pymysql\connections.py", line 684, in _read_packet
    packet.check_error()
  File "C:\Users\Li.Mir\AppData\Local\Programs\Python\Python36\lib\site-packages\pymysql\protocol.py", line 220, in check_error
    err.raise_mysql_exception(self._data)
  File "C:\Users\Li.Mir\AppData\Local\Programs\Python\Python36\lib\site-packages\pymysql\err.py", line 109, in raise_mysql_exception
    raise errorclass(errno, errval)
pymysql.err.IntegrityError: (1062, "Duplicate entry '' for key 'phone'")

The above exception was the direct cause of the following exception:

Traceback (most recent call last):
  File "C:\Users\Li.Mir\AppData\Local\Programs\Python\Python36\lib\site-packages\django\core\handlers\exception.py", line 35, in inner
    response = get_response(request)
  File "C:\Users\Li.Mir\AppData\Local\Programs\Python\Python36\lib\site-packages\django\core\handlers\base.py", line 128, in _get_response
    response = self.process_exception_by_middleware(e, request)
  File "C:\Users\Li.Mir\AppData\Local\Programs\Python\Python36\lib\site-packages\django\core\handlers\base.py", line 126, in _get_response
    response = wrapped_callback(request, *callback_args, **callback_kwargs)
  File "C:\Users\Li.Mir\AppData\Local\Programs\Python\Python36\lib\site-packages\xadmin\sites.py", line 300, in wrapper
    return self.admin_view(view, cacheable)(*args, **kwargs)
  File "C:\Users\Li.Mir\AppData\Local\Programs\Python\Python36\lib\site-packages\django\views\decorators\cache.py", line 44, in _wrapped_view_func
    response = view_func(request, *args, **kwargs)
  File "C:\Users\Li.Mir\AppData\Local\Programs\Python\Python36\lib\site-packages\xadmin\sites.py", line 208, in inner
    return view(request, *args, **kwargs)
  File "C:\Users\Li.Mir\AppData\Local\Programs\Python\Python36\lib\site-packages\xadmin\views\base.py", line 282, in view
    return handler(request, *args, **kwargs)
  File "C:\Users\Li.Mir\AppData\Local\Programs\Python\Python36\lib\site-packages\django\utils\decorators.py", line 62, in _wrapper
    return bound_func(*args, **kwargs)
  File "C:\Users\Li.Mir\AppData\Local\Programs\Python\Python36\lib\site-packages\django\utils\decorators.py", line 142, in _wrapped_view
    response = view_func(request, *args, **kwargs)
  File "C:\Users\Li.Mir\AppData\Local\Programs\Python\Python36\lib\site-packages\django\utils\decorators.py", line 58, in bound_func
    return func.__get__(self, type(self))(*args2, **kwargs2)
  File "C:\Users\Li.Mir\AppData\Local\Programs\Python\Python36\lib\contextlib.py", line 52, in inner
    return func(*args, **kwds)
  File "C:\Users\Li.Mir\AppData\Local\Programs\Python\Python36\lib\site-packages\xadmin\views\base.py", line 80, in method
    return filter_chain(filters, len(filters) - 1, _inner_method, *args, **kwargs)
  File "C:\Users\Li.Mir\AppData\Local\Programs\Python\Python36\lib\site-packages\xadmin\views\base.py", line 49, in filter_chain
    return func()
  File "C:\Users\Li.Mir\AppData\Local\Programs\Python\Python36\lib\site-packages\xadmin\views\base.py", line 74, in _inner_method
    return func(self, *args, **kwargs)
  File "C:\Users\Li.Mir\AppData\Local\Programs\Python\Python36\lib\site-packages\xadmin\views\edit.py", line 292, in post
    self.save_models()
  File "C:\Users\Li.Mir\AppData\Local\Programs\Python\Python36\lib\site-packages\xadmin\views\base.py", line 80, in method
    return filter_chain(filters, len(filters) - 1, _inner_method, *args, **kwargs)
  File "C:\Users\Li.Mir\AppData\Local\Programs\Python\Python36\lib\site-packages\xadmin\views\base.py", line 49, in filter_chain
    return func()
  File "C:\Users\Li.Mir\AppData\Local\Programs\Python\Python36\lib\site-packages\xadmin\views\base.py", line 74, in _inner_method
    return func(self, *args, **kwargs)
  File "C:\Users\Li.Mir\AppData\Local\Programs\Python\Python36\lib\site-packages\xadmin\views\edit.py", line 267, in save_models
    self.new_obj.save()
  File "C:\Users\Li.Mir\AppData\Local\Programs\Python\Python36\lib\site-packages\django\contrib\auth\base_user.py", line 73, in save
    super().save(*args, **kwargs)
  File "C:\Users\Li.Mir\AppData\Local\Programs\Python\Python36\lib\site-packages\django\db\models\base.py", line 729, in save
    force_update=force_update, update_fields=update_fields)
  File "C:\Users\Li.Mir\AppData\Local\Programs\Python\Python36\lib\site-packages\django\db\models\base.py", line 759, in save_base
    updated = self._save_table(raw, cls, force_insert, force_update, using, update_fields)
  File "C:\Users\Li.Mir\AppData\Local\Programs\Python\Python36\lib\site-packages\django\db\models\base.py", line 842, in _save_table
    result = self._do_insert(cls._base_manager, using, fields, update_pk, raw)
  File "C:\Users\Li.Mir\AppData\Local\Programs\Python\Python36\lib\site-packages\django\db\models\base.py", line 880, in _do_insert
    using=using, raw=raw)
  File "C:\Users\Li.Mir\AppData\Local\Programs\Python\Python36\lib\site-packages\django\db\models\manager.py", line 82, in manager_method
    return getattr(self.get_queryset(), name)(*args, **kwargs)
  File "C:\Users\Li.Mir\AppData\Local\Programs\Python\Python36\lib\site-packages\django\db\models\query.py", line 1125, in _insert
    return query.get_compiler(using=using).execute_sql(return_id)
  File "C:\Users\Li.Mir\AppData\Local\Programs\Python\Python36\lib\site-packages\django\db\models\sql\compiler.py", line 1285, in execute_sql
    cursor.execute(sql, params)
  File "C:\Users\Li.Mir\AppData\Local\Programs\Python\Python36\lib\site-packages\django\db\backends\utils.py", line 100, in execute
    return super().execute(sql, params)
  File "C:\Users\Li.Mir\AppData\Local\Programs\Python\Python36\lib\site-packages\django\db\backends\utils.py", line 68, in execute
    return self._execute_with_wrappers(sql, params, many=False, executor=self._execute)
  File "C:\Users\Li.Mir\AppData\Local\Programs\Python\Python36\lib\site-packages\django\db\backends\utils.py", line 77, in _execute_with_wrappers
    return executor(sql, params, many, context)
  File "C:\Users\Li.Mir\AppData\Local\Programs\Python\Python36\lib\site-packages\django\db\backends\utils.py", line 85, in _execute
    return self.cursor.execute(sql, params)
  File "C:\Users\Li.Mir\AppData\Local\Programs\Python\Python36\lib\site-packages\django\db\utils.py", line 89, in __exit__
    raise dj_exc_value.with_traceback(traceback) from exc_value
  File "C:\Users\Li.Mir\AppData\Local\Programs\Python\Python36\lib\site-packages\django\db\backends\utils.py", line 85, in _execute
    return self.cursor.execute(sql, params)
  File "C:\Users\Li.Mir\AppData\Local\Programs\Python\Python36\lib\site-packages\django\db\backends\mysql\base.py", line 71, in execute
    return self.cursor.execute(query, args)
  File "C:\Users\Li.Mir\AppData\Local\Programs\Python\Python36\lib\site-packages\pymysql\cursors.py", line 170, in execute
    result = self._query(query)
  File "C:\Users\Li.Mir\AppData\Local\Programs\Python\Python36\lib\site-packages\pymysql\cursors.py", line 328, in _query
    conn.query(q)
  File "C:\Users\Li.Mir\AppData\Local\Programs\Python\Python36\lib\site-packages\pymysql\connections.py", line 517, in query
    self._affected_rows = self._read_query_result(unbuffered=unbuffered)
  File "C:\Users\Li.Mir\AppData\Local\Programs\Python\Python36\lib\site-packages\pymysql\connections.py", line 732, in _read_query_result
    result.read()
  File "C:\Users\Li.Mir\AppData\Local\Programs\Python\Python36\lib\site-packages\pymysql\connections.py", line 1075, in read
    first_packet = self.connection._read_packet()
  File "C:\Users\Li.Mir\AppData\Local\Programs\Python\Python36\lib\site-packages\pymysql\connections.py", line 684, in _read_packet
    packet.check_error()
  File "C:\Users\Li.Mir\AppData\Local\Programs\Python\Python36\lib\site-packages\pymysql\protocol.py", line 220, in check_error
    err.raise_mysql_exception(self._data)
  File "C:\Users\Li.Mir\AppData\Local\Programs\Python\Python36\lib\site-packages\pymysql\err.py", line 109, in raise_mysql_exception
    raise errorclass(errno, errval)
django.db.utils.IntegrityError: (1062, "Duplicate entry '' for key 'phone'")
ERROR 2020-07-09 20:58:33,889 basehttp 124 "POST /xadmin/user/userinfo/add/ HTTP/1.1" 500 296331
INFO 2020-07-09 20:59:12,377 basehttp 124 "GET /xadmin/ HTTP/1.1" 200 15548
INFO 2020-07-09 20:59:12,477 basehttp 124 "GET /static/xadmin/css/themes/bootstrap-xadmin.css HTTP/1.1" 304 0
INFO 2020-07-09 20:59:12,478 basehttp 124 "GET /static/xadmin/css/xadmin.responsive.css HTTP/1.1" 304 0
INFO 2020-07-09 20:59:12,478 basehttp 124 "GET /static/xadmin/vendor/bootstrap/css/bootstrap.css HTTP/1.1" 304 0
INFO 2020-07-09 20:59:12,479 basehttp 124 "GET /static/xadmin/css/xadmin.plugins.css HTTP/1.1" 304 0
INFO 2020-07-09 20:59:12,480 basehttp 124 "GET /static/xadmin/css/xadmin.main.css HTTP/1.1" 304 0
INFO 2020-07-09 20:59:12,486 basehttp 124 "GET /static/xadmin/vendor/font-awesome/css/font-awesome.css HTTP/1.1" 304 0
INFO 2020-07-09 20:59:12,488 basehttp 124 "GET /static/xadmin/css/xadmin.page.dashboard.css HTTP/1.1" 304 0
INFO 2020-07-09 20:59:12,494 basehttp 124 "GET /static/xadmin/vendor/jquery-ui/jquery.ui.core.js HTTP/1.1" 304 0
INFO 2020-07-09 20:59:12,494 basehttp 124 "GET /static/xadmin/vendor/jquery/jquery.js HTTP/1.1" 304 0
INFO 2020-07-09 20:59:12,495 basehttp 124 "GET /static/xadmin/vendor/jquery-ui/jquery.ui.widget.js HTTP/1.1" 304 0
INFO 2020-07-09 20:59:12,542 basehttp 124 "GET /static/xadmin/vendor/jquery-ui/jquery.ui.mouse.js HTTP/1.1" 304 0
INFO 2020-07-09 20:59:12,546 basehttp 124 "GET /static/xadmin/vendor/jquery-ui/jquery.ui.sortable.js HTTP/1.1" 304 0
INFO 2020-07-09 20:59:12,547 basehttp 124 "GET /static/xadmin/vendor/bootstrap/js/bootstrap.js HTTP/1.1" 304 0
INFO 2020-07-09 20:59:12,548 basehttp 124 "GET /static/xadmin/js/xadmin.main.js HTTP/1.1" 304 0
INFO 2020-07-09 20:59:12,549 basehttp 124 "GET /static/xadmin/js/xadmin.responsive.js HTTP/1.1" 304 0
INFO 2020-07-09 20:59:12,563 basehttp 124 "GET /static/xadmin/vendor/jquery-ui/jquery.ui.effect.js HTTP/1.1" 304 0
INFO 2020-07-09 20:59:12,566 basehttp 124 "GET /static/xadmin/js/xadmin.plugin.themes.js HTTP/1.1" 304 0
INFO 2020-07-09 20:59:12,569 basehttp 124 "GET /static/xadmin/js/xadmin.page.dashboard.js HTTP/1.1" 304 0
INFO 2020-07-09 20:59:12,576 basehttp 124 "GET /static/xadmin/js/xadmin.plugin.portal.js HTTP/1.1" 304 0
INFO 2020-07-09 20:59:16,529 basehttp 124 "GET /xadmin/jsi18n/ HTTP/1.1" 200 7684
INFO 2020-07-09 20:59:16,669 basehttp 124 "GET /static/xadmin/vendor/font-awesome/fonts/fontawesome-webfont.woff?v=4.0.3 HTTP/1.1" 304 0
INFO 2020-07-09 20:59:23,937 basehttp 124 "GET /xadmin/user/userinfo/ HTTP/1.1" 200 35449
INFO 2020-07-09 20:59:23,982 basehttp 124 "GET /static/xadmin/css/xadmin.form.css HTTP/1.1" 304 0
INFO 2020-07-09 20:59:23,997 basehttp 124 "GET /static/xadmin/js/xadmin.plugin.details.js HTTP/1.1" 304 0
INFO 2020-07-09 20:59:23,997 basehttp 124 "GET /static/xadmin/js/xadmin.plugin.bookmark.js HTTP/1.1" 304 0
INFO 2020-07-09 20:59:23,999 basehttp 124 "GET /static/xadmin/js/xadmin.plugin.actions.js HTTP/1.1" 304 0
INFO 2020-07-09 20:59:23,998 basehttp 124 "GET /static/xadmin/js/xadmin.plugin.filters.js HTTP/1.1" 304 0
INFO 2020-07-09 20:59:24,000 basehttp 124 "GET /static/xadmin/js/xadmin.page.list.js HTTP/1.1" 304 0
INFO 2020-07-09 20:59:24,016 basehttp 124 "GET /static/xadmin/js/xadmin.page.form.js HTTP/1.1" 304 0
INFO 2020-07-09 20:59:28,058 basehttp 124 "GET /xadmin/jsi18n/ HTTP/1.1" 200 7684
INFO 2020-07-09 20:59:37,771 basehttp 124 "GET /xadmin/user/userinfo/add/ HTTP/1.1" 200 18686
INFO 2020-07-09 20:59:41,845 basehttp 124 "GET /xadmin/jsi18n/ HTTP/1.1" 200 7684
INFO 2020-07-09 21:00:12,926 basehttp 124 "GET /user/captcha/?username=admin HTTP/1.1" 200 140
INFO 2020-07-09 21:06:13,665 basehttp 124 "GET /home/banner/ HTTP/1.1" 200 289
INFO 2020-07-09 21:06:13,671 basehttp 124 "GET /home/header/ HTTP/1.1" 200 315
INFO 2020-07-09 21:06:13,675 basehttp 124 "GET /home/footer/ HTTP/1.1" 200 361
INFO 2020-07-09 21:06:14,067 basehttp 124 "GET /media/banner/02.png HTTP/1.1" 200 364808
INFO 2020-07-09 21:06:14,068 basehttp 124 "GET /media/banner/01.png HTTP/1.1" 200 737783
INFO 2020-07-09 21:06:14,072 basehttp 124 "GET /media/banner/03.png HTTP/1.1" 200 745382
INFO 2020-07-09 21:06:33,781 basehttp 124 "GET /user/captcha/?username=admin HTTP/1.1" 200 140
INFO 2020-07-09 21:06:41,502 basehttp 124 "GET /user/captcha/?username=admin HTTP/1.1" 200 140
INFO 2020-07-09 21:06:45,926 basehttp 124 "GET /user/captcha/?username=admin HTTP/1.1" 200 140
INFO 2020-07-09 21:08:40,548 basehttp 124 "GET /user/captcha/?username=admin HTTP/1.1" 200 140
INFO 2020-07-09 21:08:49,099 basehttp 124 "OPTIONS /user/captcha/ HTTP/1.1" 200 0
INFO 2020-07-09 21:08:49,105 basehttp 124 "POST /user/captcha/ HTTP/1.1" 200 17
WARNING 2020-07-09 21:08:49,116 basehttp 124 "POST /user/login/ HTTP/1.1" 400 41
INFO 2020-07-09 21:09:03,548 basehttp 124 "GET /user/captcha/?username=admin HTTP/1.1" 200 140
INFO 2020-07-09 21:09:11,068 basehttp 124 "POST /user/captcha/ HTTP/1.1" 200 17
INFO 2020-07-09 21:09:15,215 basehttp 124 "POST /user/login/ HTTP/1.1" 200 218
INFO 2020-07-09 21:09:19,339 basehttp 124 "GET /home/banner/ HTTP/1.1" 200 289
INFO 2020-07-09 21:09:19,350 basehttp 124 "GET /home/header/ HTTP/1.1" 200 315
INFO 2020-07-09 21:09:19,396 basehttp 124 "GET /home/footer/ HTTP/1.1" 200 361
INFO 2020-07-09 21:14:22,099 basehttp 124 "GET /home/banner/ HTTP/1.1" 200 289
INFO 2020-07-09 21:14:22,106 basehttp 124 "GET /home/footer/ HTTP/1.1" 200 361
INFO 2020-07-09 21:14:22,109 basehttp 124 "GET /home/header/ HTTP/1.1" 200 315
INFO 2020-07-09 21:14:22,119 basehttp 124 "GET /media/banner/03.png HTTP/1.1" 304 0
INFO 2020-07-09 21:14:22,122 basehttp 124 "GET /media/banner/02.png HTTP/1.1" 304 0
INFO 2020-07-09 21:14:22,126 basehttp 124 "GET /media/banner/01.png HTTP/1.1" 304 0
INFO 2020-07-09 21:14:32,951 basehttp 124 "GET /home/banner/ HTTP/1.1" 200 289
INFO 2020-07-09 21:14:32,959 basehttp 124 "GET /home/header/ HTTP/1.1" 200 315
INFO 2020-07-09 21:14:32,964 basehttp 124 "GET /home/footer/ HTTP/1.1" 200 361
INFO 2020-07-09 21:14:53,533 basehttp 124 "GET /user/captcha/?username=admin HTTP/1.1" 200 140
INFO 2020-07-09 21:15:01,071 basehttp 124 "POST /user/captcha/ HTTP/1.1" 200 17
INFO 2020-07-09 21:15:05,212 basehttp 124 "POST /user/login/ HTTP/1.1" 200 218
INFO 2020-07-09 21:15:09,309 basehttp 124 "GET /home/footer/ HTTP/1.1" 200 361
INFO 2020-07-09 21:15:09,316 basehttp 124 "GET /home/banner/ HTTP/1.1" 200 289
INFO 2020-07-09 21:15:09,317 basehttp 124 "GET /home/header/ HTTP/1.1" 200 315
INFO 2020-07-09 21:15:23,385 basehttp 124 "GET /home/banner/ HTTP/1.1" 200 289
INFO 2020-07-09 21:15:23,473 basehttp 124 "GET /home/header/ HTTP/1.1" 200 315
INFO 2020-07-09 21:15:23,566 basehttp 124 "GET /home/footer/ HTTP/1.1" 200 361
INFO 2020-07-09 21:15:54,747 basehttp 124 "GET /user/captcha/?username=admin HTTP/1.1" 200 140
INFO 2020-07-09 21:16:01,305 basehttp 124 "OPTIONS /user/captcha/ HTTP/1.1" 200 0
INFO 2020-07-09 21:16:01,311 basehttp 124 "POST /user/captcha/ HTTP/1.1" 200 17
INFO 2020-07-09 21:16:01,319 basehttp 124 "OPTIONS /user/login/ HTTP/1.1" 200 0
INFO 2020-07-09 21:16:05,447 basehttp 124 "POST /user/login/ HTTP/1.1" 200 218
INFO 2020-07-09 21:16:09,518 basehttp 124 "GET /home/banner/ HTTP/1.1" 200 289
INFO 2020-07-09 21:16:09,524 basehttp 124 "GET /home/header/ HTTP/1.1" 200 315
INFO 2020-07-09 21:16:09,527 basehttp 124 "GET /home/footer/ HTTP/1.1" 200 361
INFO 2020-07-09 21:16:28,680 basehttp 124 "GET /home/header/ HTTP/1.1" 200 315
INFO 2020-07-09 21:16:28,680 basehttp 124 "GET /home/footer/ HTTP/1.1" 200 361
INFO 2020-07-09 21:16:28,683 basehttp 124 "GET /home/banner/ HTTP/1.1" 200 289
INFO 2020-07-09 21:19:52,966 basehttp 124 "GET /home/header/ HTTP/1.1" 200 315
INFO 2020-07-09 21:21:45,762 basehttp 124 "GET /home/header/ HTTP/1.1" 200 315
INFO 2020-07-09 21:22:08,222 basehttp 124 "GET /user/captcha/?username=admin HTTP/1.1" 200 140
INFO 2020-07-09 21:22:21,405 basehttp 124 "OPTIONS /user/captcha/ HTTP/1.1" 200 0
INFO 2020-07-09 21:22:21,412 basehttp 124 "POST /user/captcha/ HTTP/1.1" 200 17
INFO 2020-07-09 21:22:21,422 basehttp 124 "OPTIONS /user/login/ HTTP/1.1" 200 0
INFO 2020-07-09 21:22:25,572 basehttp 124 "POST /user/login/ HTTP/1.1" 200 218
INFO 2020-07-09 21:22:29,688 basehttp 124 "GET /home/footer/ HTTP/1.1" 200 361
INFO 2020-07-09 21:22:29,692 basehttp 124 "GET /home/banner/ HTTP/1.1" 200 289
INFO 2020-07-09 21:22:29,695 basehttp 124 "GET /home/header/ HTTP/1.1" 200 315
INFO 2020-07-09 21:23:18,096 basehttp 124 "GET /home/footer/ HTTP/1.1" 200 361
INFO 2020-07-09 21:23:18,096 basehttp 124 "GET /home/banner/ HTTP/1.1" 200 289
INFO 2020-07-09 21:23:18,101 basehttp 124 "GET /home/header/ HTTP/1.1" 200 315
INFO 2020-07-09 21:23:18,129 basehttp 124 "GET /media/banner/03.png HTTP/1.1" 304 0
INFO 2020-07-09 21:23:18,131 basehttp 124 "GET /media/banner/02.png HTTP/1.1" 304 0
INFO 2020-07-09 21:23:18,136 basehttp 124 "GET /media/banner/01.png HTTP/1.1" 304 0
INFO 2020-07-09 21:23:32,981 basehttp 124 "GET /user/captcha/?username=admin HTTP/1.1" 200 140
INFO 2020-07-09 21:23:39,429 basehttp 124 "POST /user/captcha/ HTTP/1.1" 200 17
INFO 2020-07-09 21:23:43,592 basehttp 124 "POST /user/login/ HTTP/1.1" 200 218
INFO 2020-07-09 21:23:47,687 basehttp 124 "GET /home/banner/ HTTP/1.1" 200 289
INFO 2020-07-09 21:23:47,687 basehttp 124 "GET /home/header/ HTTP/1.1" 200 315
INFO 2020-07-09 21:23:47,699 basehttp 124 "GET /home/footer/ HTTP/1.1" 200 361
INFO 2020-07-09 21:24:42,604 basehttp 124 "GET /user/captcha/?username=admin HTTP/1.1" 200 140
INFO 2020-07-09 21:24:48,370 basehttp 124 "POST /user/captcha/ HTTP/1.1" 200 17
INFO 2020-07-09 21:24:52,512 basehttp 124 "POST /user/login/ HTTP/1.1" 200 218
INFO 2020-07-09 21:24:56,606 basehttp 124 "GET /home/header/ HTTP/1.1" 200 315
INFO 2020-07-09 21:24:56,616 basehttp 124 "GET /home/banner/ HTTP/1.1" 200 289
INFO 2020-07-09 21:24:56,619 basehttp 124 "GET /home/footer/ HTTP/1.1" 200 361
INFO 2020-07-09 21:27:51,716 basehttp 124 "GET /user/captcha/?username=admin HTTP/1.1" 200 140
INFO 2020-07-09 21:27:57,341 basehttp 124 "POST /user/captcha/ HTTP/1.1" 200 17
INFO 2020-07-09 21:28:01,490 basehttp 124 "POST /user/login/ HTTP/1.1" 200 218
INFO 2020-07-09 21:28:05,585 basehttp 124 "GET /home/header/ HTTP/1.1" 200 315
INFO 2020-07-09 21:28:05,588 basehttp 124 "GET /home/banner/ HTTP/1.1" 200 289
INFO 2020-07-09 21:28:05,594 basehttp 124 "GET /home/footer/ HTTP/1.1" 200 361
INFO 2020-07-09 21:28:24,120 basehttp 124 "GET /home/banner/ HTTP/1.1" 200 289
INFO 2020-07-09 21:28:24,127 basehttp 124 "GET /home/footer/ HTTP/1.1" 200 361
INFO 2020-07-09 21:28:24,131 basehttp 124 "GET /home/header/ HTTP/1.1" 200 315
INFO 2020-07-09 21:28:59,542 basehttp 124 "GET /home/header/ HTTP/1.1" 200 315
INFO 2020-07-09 21:29:32,095 basehttp 124 "GET /user/captcha/?username=admin HTTP/1.1" 200 140
INFO 2020-07-09 21:29:40,354 basehttp 124 "POST /user/captcha/ HTTP/1.1" 200 17
INFO 2020-07-09 21:29:44,513 basehttp 124 "POST /user/login/ HTTP/1.1" 200 218
INFO 2020-07-09 21:29:48,612 basehttp 124 "GET /home/footer/ HTTP/1.1" 200 361
INFO 2020-07-09 21:29:48,618 basehttp 124 "GET /home/banner/ HTTP/1.1" 200 289
INFO 2020-07-09 21:29:48,619 basehttp 124 "GET /home/header/ HTTP/1.1" 200 315
